TpTrace Verbose: 0 : 23970, 1, 2025/05/08, 19:17:13.306, 333390904009500, vstest.console.dll, Version: 17.11.1-release-24455-02 Current process architecture: ARM64
TpTrace Verbose: 0 : 23970, 1, 2025/05/08, 19:17:13.307, 333390905223041, vstest.console.dll, Runtime location: /Users/david.arsov/.dotnet/shared/Microsoft.NETCore.App/8.0.13
TpTrace Information: 0 : 23970, 1, 2025/05/08, 19:17:13.308, 333390906244250, vstest.console.dll, Using .Net Framework version:.NETCoreApp,Version=v8.0
TpTrace Verbose: 0 : 23970, 1, 2025/05/08, 19:17:13.309, 333390906266916, vstest.console.dll, ArtifactProcessingPostProcessModeProcessorExecutor.Initialize: ArtifactProcessingMode.Collect
TpTrace Verbose: 0 : 23970, 1, 2025/05/08, 19:17:13.309, 333390906283958, vstest.console.dll, TestSessionCorrelationIdProcessorModeProcessorExecutor.Initialize: TestSessionCorrelationId '23962_b62fd9f8-0f96-4c78-a8e5-1110ceb28d2a'
TpTrace Information: 0 : 23970, 1, 2025/05/08, 19:17:13.309, 333390906900333, vstest.console.dll, FilePatternParser: The given file /Users/david.arsov/Downloads/FlightsApplication/TestExamIS.Tests/bin/Debug/net8.0/TestExamIS.Tests.dll is a full path.
TpTrace Verbose: 0 : 23970, 1, 2025/05/08, 19:17:13.313, 333390910579583, vstest.console.dll, TestPluginCache.DiscoverTestExtensions: finding test extensions in assemblies ends with: RuntimeProvider.dll TPluginInfo: Microsoft.VisualStudio.TestPlatform.Common.ExtensionFramework.Utilities.TestRuntimePluginInformation TExtension: Microsoft.VisualStudio.TestPlatform.ObjectModel.Host.ITestRuntimeProvider
TpTrace Verbose: 0 : 23970, 1, 2025/05/08, 19:17:13.313, 333390910709208, vstest.console.dll, TestPluginCache.GetExtensionPaths: Filtered extension paths: 
TpTrace Verbose: 0 : 23970, 1, 2025/05/08, 19:17:13.313, 333390910733000, vstest.console.dll, TestPluginCache.GetExtensionPaths: Added default extension paths: /Users/david.arsov/.dotnet/sdk/8.0.406/Extensions/Microsoft.VisualStudio.TestPlatform.Extensions.Trx.TestLogger.dll
/Users/david.arsov/.dotnet/sdk/8.0.406/Extensions/Microsoft.Diagnostics.NETCore.Client.dll
/Users/david.arsov/.dotnet/sdk/8.0.406/Extensions/Microsoft.TestPlatform.Extensions.BlameDataCollector.dll
/Users/david.arsov/.dotnet/sdk/8.0.406/Extensions/Microsoft.TestPlatform.TestHostRuntimeProvider.dll
/Users/david.arsov/.dotnet/sdk/8.0.406/Extensions/Microsoft.TestPlatform.Extensions.EventLogCollector.dll
/Users/david.arsov/.dotnet/sdk/8.0.406/Extensions/Microsoft.VisualStudio.TestPlatform.Extensions.Html.TestLogger.dll
TpTrace Verbose: 0 : 23970, 1, 2025/05/08, 19:17:13.313, 333390910744666, vstest.console.dll, TestPluginCache.GetExtensionPaths: Added unfilterableExtensionPaths: 
TpTrace Information: 0 : 23970, 1, 2025/05/08, 19:17:13.313, 333390910910708, vstest.console.dll, AssemblyResolver.ctor: Creating AssemblyResolver with searchDirectories /Users/david.arsov/.dotnet/sdk/8.0.406/Extensions,/Users/david.arsov/.dotnet/sdk/8.0.406
TpTrace Verbose: 0 : 23970, 1, 2025/05/08, 19:17:13.313, 333390911256333, vstest.console.dll, TestPluginCache.DiscoverTestExtensions: Discovering the extensions using extension path.
TpTrace Verbose: 0 : 23970, 1, 2025/05/08, 19:17:13.314, 333390911283958, vstest.console.dll, TestPluginCache.GetExtensionPaths: Filtered extension paths: 
TpTrace Verbose: 0 : 23970, 1, 2025/05/08, 19:17:13.314, 333390911292291, vstest.console.dll, TestPluginCache.GetExtensionPaths: Added default extension paths: /Users/david.arsov/.dotnet/sdk/8.0.406/Extensions/Microsoft.VisualStudio.TestPlatform.Extensions.Trx.TestLogger.dll
/Users/david.arsov/.dotnet/sdk/8.0.406/Extensions/Microsoft.Diagnostics.NETCore.Client.dll
/Users/david.arsov/.dotnet/sdk/8.0.406/Extensions/Microsoft.TestPlatform.Extensions.BlameDataCollector.dll
/Users/david.arsov/.dotnet/sdk/8.0.406/Extensions/Microsoft.TestPlatform.TestHostRuntimeProvider.dll
/Users/david.arsov/.dotnet/sdk/8.0.406/Extensions/Microsoft.TestPlatform.Extensions.EventLogCollector.dll
/Users/david.arsov/.dotnet/sdk/8.0.406/Extensions/Microsoft.VisualStudio.TestPlatform.Extensions.Html.TestLogger.dll
TpTrace Verbose: 0 : 23970, 1, 2025/05/08, 19:17:13.314, 333390911301208, vstest.console.dll, TestPluginCache.GetExtensionPaths: Added unfilterableExtensionPaths: 
TpTrace Verbose: 0 : 23970, 1, 2025/05/08, 19:17:13.314, 333390911322875, vstest.console.dll, TestPluginCache.DiscoverTestExtensions: Discovering the extensions using allExtensionPaths: /Users/david.arsov/.dotnet/sdk/8.0.406/Extensions/Microsoft.VisualStudio.TestPlatform.Extensions.Trx.TestLogger.dll
/Users/david.arsov/.dotnet/sdk/8.0.406/Extensions/Microsoft.Diagnostics.NETCore.Client.dll
/Users/david.arsov/.dotnet/sdk/8.0.406/Extensions/Microsoft.TestPlatform.Extensions.BlameDataCollector.dll
/Users/david.arsov/.dotnet/sdk/8.0.406/Extensions/Microsoft.TestPlatform.TestHostRuntimeProvider.dll
/Users/david.arsov/.dotnet/sdk/8.0.406/Extensions/Microsoft.TestPlatform.Extensions.EventLogCollector.dll
/Users/david.arsov/.dotnet/sdk/8.0.406/Extensions/Microsoft.VisualStudio.TestPlatform.Extensions.Html.TestLogger.dll
TpTrace Information: 0 : 23970, 1, 2025/05/08, 19:17:13.314, 333390911347833, vstest.console.dll, AssemblyResolver.AddSearchDirectories: Adding more searchDirectories /Users/david.arsov/.dotnet/sdk/8.0.406/Extensions,/Users/david.arsov/.dotnet/sdk/8.0.406
TpTrace Information: 0 : 23970, 1, 2025/05/08, 19:17:13.314, 333390911359750, vstest.console.dll, AssemblyResolver.AddSearchDirectories: Adding more searchDirectories /Users/david.arsov/.dotnet/sdk/8.0.406/Extensions,/Users/david.arsov/.dotnet/sdk/8.0.406
TpTrace Information: 0 : 23970, 1, 2025/05/08, 19:17:13.314, 333390911366166, vstest.console.dll, AssemblyResolver.AddSearchDirectories: Adding more searchDirectories /Users/david.arsov/.dotnet/sdk/8.0.406/Extensions,/Users/david.arsov/.dotnet/sdk/8.0.406
TpTrace Information: 0 : 23970, 1, 2025/05/08, 19:17:13.314, 333390911373291, vstest.console.dll, AssemblyResolver.AddSearchDirectories: Adding more searchDirectories /Users/david.arsov/.dotnet/sdk/8.0.406/Extensions,/Users/david.arsov/.dotnet/sdk/8.0.406
TpTrace Information: 0 : 23970, 1, 2025/05/08, 19:17:13.314, 333390911378625, vstest.console.dll, AssemblyResolver.AddSearchDirectories: Adding more searchDirectories /Users/david.arsov/.dotnet/sdk/8.0.406/Extensions,/Users/david.arsov/.dotnet/sdk/8.0.406
TpTrace Information: 0 : 23970, 1, 2025/05/08, 19:17:13.314, 333390911383708, vstest.console.dll, AssemblyResolver.AddSearchDirectories: Adding more searchDirectories /Users/david.arsov/.dotnet/sdk/8.0.406/Extensions,/Users/david.arsov/.dotnet/sdk/8.0.406
TpTrace Information: 0 : 23970, 1, 2025/05/08, 19:17:13.314, 333390911529083, vstest.console.dll, AssemblyResolver.OnResolve: Microsoft.VisualStudio.TestPlatform.Extensions.Trx.TestLogger: Resolving assembly.
TpTrace Information: 0 : 23970, 1, 2025/05/08, 19:17:13.314, 333390911544083, vstest.console.dll, AssemblyResolver.OnResolve: Microsoft.VisualStudio.TestPlatform.Extensions.Trx.TestLogger: Searching in: '/Users/david.arsov/.dotnet/sdk/8.0.406/Extensions'.
TpTrace Information: 0 : 23970, 1, 2025/05/08, 19:17:13.317, 333390914464625, vstest.console.dll, AssemblyResolver.OnResolve: Microsoft.VisualStudio.TestPlatform.Extensions.Trx.TestLogger: Loading assembly '/Users/david.arsov/.dotnet/sdk/8.0.406/Extensions/Microsoft.VisualStudio.TestPlatform.Extensions.Trx.TestLogger.dll'.
TpTrace Information: 0 : 23970, 1, 2025/05/08, 19:17:13.317, 333390914722958, vstest.console.dll, AssemblyResolver.OnResolve: Resolved assembly: Microsoft.VisualStudio.TestPlatform.Extensions.Trx.TestLogger, from path: /Users/david.arsov/.dotnet/sdk/8.0.406/Extensions/Microsoft.VisualStudio.TestPlatform.Extensions.Trx.TestLogger.dll
TpTrace Verbose: 0 : 23970, 1, 2025/05/08, 19:17:13.317, 333390915039416, vstest.console.dll, MetadataReaderExtensionsHelper: Discovering extensions inside assembly 'Microsoft.VisualStudio.TestPlatform.Extensions.Trx.TestLogger, Version=15.0.0.0, Culture=neutral, PublicKeyToken=b03f5f7f11d50a3a' file path '/Users/david.arsov/.dotnet/sdk/8.0.406/Extensions/Microsoft.VisualStudio.TestPlatform.Extensions.Trx.TestLogger.dll'
TpTrace Information: 0 : 23970, 1, 2025/05/08, 19:17:13.318, 333390915542750, vstest.console.dll, AssemblyResolver.OnResolve: Microsoft.Diagnostics.NETCore.Client: Resolving assembly.
TpTrace Information: 0 : 23970, 1, 2025/05/08, 19:17:13.318, 333390915560375, vstest.console.dll, AssemblyResolver.OnResolve: Microsoft.Diagnostics.NETCore.Client: Searching in: '/Users/david.arsov/.dotnet/sdk/8.0.406/Extensions'.
TpTrace Information: 0 : 23970, 1, 2025/05/08, 19:17:13.318, 333390916094833, vstest.console.dll, AssemblyResolver.OnResolve: Microsoft.Diagnostics.NETCore.Client: Loading assembly '/Users/david.arsov/.dotnet/sdk/8.0.406/Extensions/Microsoft.Diagnostics.NETCore.Client.dll'.
TpTrace Information: 0 : 23970, 1, 2025/05/08, 19:17:13.319, 333390916638833, vstest.console.dll, AssemblyResolver.OnResolve: Resolved assembly: Microsoft.Diagnostics.NETCore.Client, from path: /Users/david.arsov/.dotnet/sdk/8.0.406/Extensions/Microsoft.Diagnostics.NETCore.Client.dll
TpTrace Verbose: 0 : 23970, 1, 2025/05/08, 19:17:13.319, 333390916652583, vstest.console.dll, MetadataReaderExtensionsHelper: Discovering extensions inside assembly 'Microsoft.Diagnostics.NETCore.Client, Version=0.2.10.30701, Culture=neutral, PublicKeyToken=31bf3856ad364e35' file path '/Users/david.arsov/.dotnet/sdk/8.0.406/Extensions/Microsoft.Diagnostics.NETCore.Client.dll'
TpTrace Information: 0 : 23970, 1, 2025/05/08, 19:17:13.320, 333390917629208, vstest.console.dll, AssemblyResolver.OnResolve: Microsoft.Bcl.AsyncInterfaces: Resolving assembly.
TpTrace Information: 0 : 23970, 1, 2025/05/08, 19:17:13.320, 333390917639666, vstest.console.dll, AssemblyResolver.OnResolve: Microsoft.Bcl.AsyncInterfaces: Searching in: '/Users/david.arsov/.dotnet/sdk/8.0.406/Extensions'.
TpTrace Information: 0 : 23970, 1, 2025/05/08, 19:17:13.320, 333390917648333, vstest.console.dll, AssemblyResolver.OnResolve: Microsoft.Bcl.AsyncInterfaces: Assembly path does not exist: '/Users/david.arsov/.dotnet/sdk/8.0.406/Extensions/Microsoft.Bcl.AsyncInterfaces.dll', returning.
TpTrace Information: 0 : 23970, 1, 2025/05/08, 19:17:13.320, 333390917655458, vstest.console.dll, AssemblyResolver.OnResolve: Microsoft.Bcl.AsyncInterfaces: Assembly path does not exist: '/Users/david.arsov/.dotnet/sdk/8.0.406/Extensions/Microsoft.Bcl.AsyncInterfaces.exe', returning.
TpTrace Information: 0 : 23970, 1, 2025/05/08, 19:17:13.320, 333390917660333, vstest.console.dll, AssemblyResolver.OnResolve: Microsoft.Bcl.AsyncInterfaces: Searching in: '/Users/david.arsov/.dotnet/sdk/8.0.406'.
TpTrace Information: 0 : 23970, 1, 2025/05/08, 19:17:13.320, 333390917666416, vstest.console.dll, AssemblyResolver.OnResolve: Microsoft.Bcl.AsyncInterfaces: Assembly path does not exist: '/Users/david.arsov/.dotnet/sdk/8.0.406/Microsoft.Bcl.AsyncInterfaces.dll', returning.
TpTrace Information: 0 : 23970, 1, 2025/05/08, 19:17:13.320, 333390917672000, vstest.console.dll, AssemblyResolver.OnResolve: Microsoft.Bcl.AsyncInterfaces: Assembly path does not exist: '/Users/david.arsov/.dotnet/sdk/8.0.406/Microsoft.Bcl.AsyncInterfaces.exe', returning.
TpTrace Information: 0 : 23970, 1, 2025/05/08, 19:17:13.320, 333390917676541, vstest.console.dll, AssemblyResolver.OnResolve: Microsoft.Bcl.AsyncInterfaces: Failed to load assembly.
TpTrace Verbose: 0 : 23970, 1, 2025/05/08, 19:17:13.320, 333390917682916, vstest.console.dll, CurrentDomainAssemblyResolve: Resolving assembly 'Microsoft.Bcl.AsyncInterfaces'.
TpTrace Information: 0 : 23970, 1, 2025/05/08, 19:17:13.320, 333390917697000, vstest.console.dll, AssemblyResolver.OnResolve: Microsoft.Bcl.AsyncInterfaces: Resolving assembly.
TpTrace Information: 0 : 23970, 1, 2025/05/08, 19:17:13.320, 333390917703916, vstest.console.dll, AssemblyResolver.OnResolve: Microsoft.Bcl.AsyncInterfaces: Resolved from cache.
TpTrace Verbose: 0 : 23970, 1, 2025/05/08, 19:17:13.320, 333390917708666, vstest.console.dll, CurrentDomainAssemblyResolve: Resolving assembly 'Microsoft.Bcl.AsyncInterfaces'.
TpTrace Verbose: 0 : 23970, 1, 2025/05/08, 19:17:13.320, 333390917714833, vstest.console.dll, CurrentDomainAssemblyResolve: Failed to resolve assembly 'Microsoft.Bcl.AsyncInterfaces'.
TpTrace Verbose: 0 : 23970, 1, 2025/05/08, 19:17:13.320, 333390917804083, vstest.console.dll, CurrentDomainAssemblyResolve: Failed to resolve assembly 'Microsoft.Bcl.AsyncInterfaces'.
TpTrace Warning: 0 : 23970, 1, 2025/05/08, 19:17:13.323, 333390921084916, vstest.console.dll, TestPluginDiscoverer: Failed to get types from assembly 'Microsoft.Diagnostics.NETCore.Client, Version=0.2.10.30701, Culture=neutral, PublicKeyToken=31bf3856ad364e35'. Error: System.Reflection.ReflectionTypeLoadException: Unable to load one or more of the requested types.
Could not load file or assembly 'Microsoft.Bcl.AsyncInterfaces, Version=6.0.0.0, Culture=neutral, PublicKeyToken=cc7b13ffcd2ddd51'. The system cannot find the file specified.

   at System.Reflection.RuntimeModule.GetTypes(RuntimeModule module)
   at System.Reflection.RuntimeModule.GetTypes()
   at Microsoft.VisualStudio.TestPlatform.Common.ExtensionFramework.TestPluginDiscoverer.GetTestExtensionsFromAssembly[TPluginInfo,TExtension](Assembly assembly, Dictionary`2 pluginInfos, String filePath) in /_/src/Microsoft.TestPlatform.Common/ExtensionFramework/TestPluginDiscoverer.cs:line 158
System.IO.FileNotFoundException: Could not load file or assembly 'Microsoft.Bcl.AsyncInterfaces, Version=6.0.0.0, Culture=neutral, PublicKeyToken=cc7b13ffcd2ddd51'. The system cannot find the file specified.

File name: 'Microsoft.Bcl.AsyncInterfaces, Version=6.0.0.0, Culture=neutral, PublicKeyToken=cc7b13ffcd2ddd51'
 ---> System.IO.FileNotFoundException: Could not load file or assembly 'Microsoft.Bcl.AsyncInterfaces, Culture=neutral, PublicKeyToken=null'. The system cannot find the file specified.

File name: 'Microsoft.Bcl.AsyncInterfaces, Culture=neutral, PublicKeyToken=null'
   at System.Reflection.RuntimeAssembly.InternalLoad(AssemblyName assemblyName, StackCrawlMark& stackMark, AssemblyLoadContext assemblyLoadContext, RuntimeAssembly requestingAssembly, Boolean throwOnFileNotFound)
   at System.Reflection.Assembly.Load(AssemblyName assemblyRef)
   at Microsoft.VisualStudio.TestPlatform.Common.ExtensionFramework.TestPluginCache.CurrentDomainAssemblyResolve(Object sender, AssemblyResolveEventArgs args) in /_/src/Microsoft.TestPlatform.Common/ExtensionFramework/TestPluginCache.cs:line 513
   at System.Runtime.Loader.AssemblyLoadContext.GetFirstResolvedAssemblyFromResolvingEvent(AssemblyName assemblyName)
   at System.Runtime.Loader.AssemblyLoadContext.ResolveUsingEvent(AssemblyName assemblyName)
   at System.Runtime.Loader.AssemblyLoadContext.ResolveUsingResolvingEvent(IntPtr gchManagedAssemblyLoadContext, AssemblyName assemblyName)
TpTrace Warning: 0 : 23970, 1, 2025/05/08, 19:17:13.323, 333390921168541, vstest.console.dll, LoaderExceptions: System.IO.FileNotFoundException: Could not load file or assembly 'Microsoft.Bcl.AsyncInterfaces, Version=6.0.0.0, Culture=neutral, PublicKeyToken=cc7b13ffcd2ddd51'. The system cannot find the file specified.

File name: 'Microsoft.Bcl.AsyncInterfaces, Version=6.0.0.0, Culture=neutral, PublicKeyToken=cc7b13ffcd2ddd51'
 ---> System.IO.FileNotFoundException: Could not load file or assembly 'Microsoft.Bcl.AsyncInterfaces, Culture=neutral, PublicKeyToken=null'. The system cannot find the file specified.

File name: 'Microsoft.Bcl.AsyncInterfaces, Culture=neutral, PublicKeyToken=null'
   at System.Reflection.RuntimeAssembly.InternalLoad(AssemblyName assemblyName, StackCrawlMark& stackMark, AssemblyLoadContext assemblyLoadContext, RuntimeAssembly requestingAssembly, Boolean throwOnFileNotFound)
   at System.Reflection.Assembly.Load(AssemblyName assemblyRef)
   at Microsoft.VisualStudio.TestPlatform.Common.ExtensionFramework.TestPluginCache.CurrentDomainAssemblyResolve(Object sender, AssemblyResolveEventArgs args) in /_/src/Microsoft.TestPlatform.Common/ExtensionFramework/TestPluginCache.cs:line 513
   at System.Runtime.Loader.AssemblyLoadContext.GetFirstResolvedAssemblyFromResolvingEvent(AssemblyName assemblyName)
   at System.Runtime.Loader.AssemblyLoadContext.ResolveUsingEvent(AssemblyName assemblyName)
   at System.Runtime.Loader.AssemblyLoadContext.ResolveUsingResolvingEvent(IntPtr gchManagedAssemblyLoadContext, AssemblyName assemblyName)
TpTrace Information: 0 : 23970, 1, 2025/05/08, 19:17:13.323, 333390921197250, vstest.console.dll, AssemblyResolver.OnResolve: Microsoft.TestPlatform.Extensions.BlameDataCollector: Resolving assembly.
TpTrace Information: 0 : 23970, 1, 2025/05/08, 19:17:13.323, 333390921204666, vstest.console.dll, AssemblyResolver.OnResolve: Microsoft.TestPlatform.Extensions.BlameDataCollector: Searching in: '/Users/david.arsov/.dotnet/sdk/8.0.406/Extensions'.
TpTrace Information: 0 : 23970, 1, 2025/05/08, 19:17:13.324, 333390921710291, vstest.console.dll, AssemblyResolver.OnResolve: Microsoft.TestPlatform.Extensions.BlameDataCollector: Loading assembly '/Users/david.arsov/.dotnet/sdk/8.0.406/Extensions/Microsoft.TestPlatform.Extensions.BlameDataCollector.dll'.
TpTrace Information: 0 : 23970, 1, 2025/05/08, 19:17:13.324, 333390922098708, vstest.console.dll, AssemblyResolver.OnResolve: Resolved assembly: Microsoft.TestPlatform.Extensions.BlameDataCollector, from path: /Users/david.arsov/.dotnet/sdk/8.0.406/Extensions/Microsoft.TestPlatform.Extensions.BlameDataCollector.dll
TpTrace Verbose: 0 : 23970, 1, 2025/05/08, 19:17:13.324, 333390922110791, vstest.console.dll, MetadataReaderExtensionsHelper: Discovering extensions inside assembly 'Microsoft.TestPlatform.Extensions.BlameDataCollector, Version=15.0.0.0, Culture=neutral, PublicKeyToken=b03f5f7f11d50a3a' file path '/Users/david.arsov/.dotnet/sdk/8.0.406/Extensions/Microsoft.TestPlatform.Extensions.BlameDataCollector.dll'
TpTrace Information: 0 : 23970, 1, 2025/05/08, 19:17:13.325, 333390922306750, vstest.console.dll, AssemblyResolver.OnResolve: Microsoft.TestPlatform.TestHostRuntimeProvider: Resolving assembly.
TpTrace Information: 0 : 23970, 1, 2025/05/08, 19:17:13.325, 333390922315916, vstest.console.dll, AssemblyResolver.OnResolve: Microsoft.TestPlatform.TestHostRuntimeProvider: Searching in: '/Users/david.arsov/.dotnet/sdk/8.0.406/Extensions'.
TpTrace Information: 0 : 23970, 1, 2025/05/08, 19:17:13.325, 333390922697291, vstest.console.dll, AssemblyResolver.OnResolve: Microsoft.TestPlatform.TestHostRuntimeProvider: Loading assembly '/Users/david.arsov/.dotnet/sdk/8.0.406/Extensions/Microsoft.TestPlatform.TestHostRuntimeProvider.dll'.
TpTrace Information: 0 : 23970, 1, 2025/05/08, 19:17:13.325, 333390922857250, vstest.console.dll, AssemblyResolver.OnResolve: Resolved assembly: Microsoft.TestPlatform.TestHostRuntimeProvider, from path: /Users/david.arsov/.dotnet/sdk/8.0.406/Extensions/Microsoft.TestPlatform.TestHostRuntimeProvider.dll
TpTrace Verbose: 0 : 23970, 1, 2025/05/08, 19:17:13.325, 333390922866916, vstest.console.dll, MetadataReaderExtensionsHelper: Discovering extensions inside assembly 'Microsoft.TestPlatform.TestHostRuntimeProvider, Version=15.0.0.0, Culture=neutral, PublicKeyToken=b03f5f7f11d50a3a' file path '/Users/david.arsov/.dotnet/sdk/8.0.406/Extensions/Microsoft.TestPlatform.TestHostRuntimeProvider.dll'
TpTrace Information: 0 : 23970, 1, 2025/05/08, 19:17:13.325, 333390923190208, vstest.console.dll, GetTestExtensionFromType: Register extension with identifier data 'HostProvider://DefaultTestHost' and type 'Microsoft.VisualStudio.TestPlatform.CrossPlatEngine.Hosting.DefaultTestHostManager, Microsoft.TestPlatform.TestHostRuntimeProvider, Version=15.0.0.0, Culture=neutral, PublicKeyToken=b03f5f7f11d50a3a' inside file '/Users/david.arsov/.dotnet/sdk/8.0.406/Extensions/Microsoft.TestPlatform.TestHostRuntimeProvider.dll'
TpTrace Information: 0 : 23970, 1, 2025/05/08, 19:17:13.325, 333390923257166, vstest.console.dll, GetTestExtensionFromType: Register extension with identifier data 'HostProvider://DotnetTestHost' and type 'Microsoft.VisualStudio.TestPlatform.CrossPlatEngine.Hosting.DotnetTestHostManager, Microsoft.TestPlatform.TestHostRuntimeProvider, Version=15.0.0.0, Culture=neutral, PublicKeyToken=b03f5f7f11d50a3a' inside file '/Users/david.arsov/.dotnet/sdk/8.0.406/Extensions/Microsoft.TestPlatform.TestHostRuntimeProvider.dll'
TpTrace Information: 0 : 23970, 1, 2025/05/08, 19:17:13.326, 333390923269041, vstest.console.dll, AssemblyResolver.OnResolve: Microsoft.TestPlatform.Extensions.EventLogCollector: Resolving assembly.
TpTrace Information: 0 : 23970, 1, 2025/05/08, 19:17:13.326, 333390923278625, vstest.console.dll, AssemblyResolver.OnResolve: Microsoft.TestPlatform.Extensions.EventLogCollector: Searching in: '/Users/david.arsov/.dotnet/sdk/8.0.406/Extensions'.
TpTrace Information: 0 : 23970, 1, 2025/05/08, 19:17:13.326, 333390923365375, vstest.console.dll, AssemblyResolver.OnResolve: Microsoft.TestPlatform.Extensions.EventLogCollector: Loading assembly '/Users/david.arsov/.dotnet/sdk/8.0.406/Extensions/Microsoft.TestPlatform.Extensions.EventLogCollector.dll'.
TpTrace Information: 0 : 23970, 1, 2025/05/08, 19:17:13.326, 333390923431500, vstest.console.dll, AssemblyResolver.OnResolve: Resolved assembly: Microsoft.TestPlatform.Extensions.EventLogCollector, from path: /Users/david.arsov/.dotnet/sdk/8.0.406/Extensions/Microsoft.TestPlatform.Extensions.EventLogCollector.dll
TpTrace Verbose: 0 : 23970, 1, 2025/05/08, 19:17:13.326, 333390923440708, vstest.console.dll, MetadataReaderExtensionsHelper: Discovering extensions inside assembly 'Microsoft.TestPlatform.Extensions.EventLogCollector, Version=15.0.0.0, Culture=neutral, PublicKeyToken=b03f5f7f11d50a3a' file path '/Users/david.arsov/.dotnet/sdk/8.0.406/Extensions/Microsoft.TestPlatform.Extensions.EventLogCollector.dll'
TpTrace Information: 0 : 23970, 1, 2025/05/08, 19:17:13.326, 333390923958666, vstest.console.dll, AssemblyResolver.OnResolve: Microsoft.VisualStudio.TestPlatform.Extensions.Html.TestLogger: Resolving assembly.
TpTrace Information: 0 : 23970, 1, 2025/05/08, 19:17:13.326, 333390923966000, vstest.console.dll, AssemblyResolver.OnResolve: Microsoft.VisualStudio.TestPlatform.Extensions.Html.TestLogger: Searching in: '/Users/david.arsov/.dotnet/sdk/8.0.406/Extensions'.
TpTrace Information: 0 : 23970, 1, 2025/05/08, 19:17:13.326, 333390924068875, vstest.console.dll, AssemblyResolver.OnResolve: Microsoft.VisualStudio.TestPlatform.Extensions.Html.TestLogger: Loading assembly '/Users/david.arsov/.dotnet/sdk/8.0.406/Extensions/Microsoft.VisualStudio.TestPlatform.Extensions.Html.TestLogger.dll'.
TpTrace Information: 0 : 23970, 1, 2025/05/08, 19:17:13.326, 333390924185791, vstest.console.dll, AssemblyResolver.OnResolve: Resolved assembly: Microsoft.VisualStudio.TestPlatform.Extensions.Html.TestLogger, from path: /Users/david.arsov/.dotnet/sdk/8.0.406/Extensions/Microsoft.VisualStudio.TestPlatform.Extensions.Html.TestLogger.dll
TpTrace Verbose: 0 : 23970, 1, 2025/05/08, 19:17:13.326, 333390924195041, vstest.console.dll, MetadataReaderExtensionsHelper: Discovering extensions inside assembly 'Microsoft.VisualStudio.TestPlatform.Extensions.Html.TestLogger, Version=15.0.0.0, Culture=neutral, PublicKeyToken=b03f5f7f11d50a3a' file path '/Users/david.arsov/.dotnet/sdk/8.0.406/Extensions/Microsoft.VisualStudio.TestPlatform.Extensions.Html.TestLogger.dll'
TpTrace Verbose: 0 : 23970, 1, 2025/05/08, 19:17:13.327, 333390924353083, vstest.console.dll, TestPluginCache: Discovered the extensions using extension path ''.
TpTrace Verbose: 0 : 23970, 1, 2025/05/08, 19:17:13.327, 333390924363625, vstest.console.dll, TestPluginCache: Discoverers are ''.
TpTrace Verbose: 0 : 23970, 1, 2025/05/08, 19:17:13.327, 333390924368541, vstest.console.dll, TestPluginCache: Executors are ''.
TpTrace Verbose: 0 : 23970, 1, 2025/05/08, 19:17:13.327, 333390924372708, vstest.console.dll, TestPluginCache: Executors2 are ''.
TpTrace Verbose: 0 : 23970, 1, 2025/05/08, 19:17:13.327, 333390924376750, vstest.console.dll, TestPluginCache: Setting providers are ''.
TpTrace Verbose: 0 : 23970, 1, 2025/05/08, 19:17:13.327, 333390924380708, vstest.console.dll, TestPluginCache: Loggers are ''.
TpTrace Verbose: 0 : 23970, 1, 2025/05/08, 19:17:13.327, 333390924428583, vstest.console.dll, TestPluginCache: TestHosts are 'HostProvider://DefaultTestHost,HostProvider://DotnetTestHost'.
TpTrace Verbose: 0 : 23970, 1, 2025/05/08, 19:17:13.327, 333390924433708, vstest.console.dll, TestPluginCache: DataCollectors are ''.
TpTrace Information: 0 : 23970, 1, 2025/05/08, 19:17:13.332, 333390929907833, vstest.console.dll, RunTestsArgumentProcessor:Execute: Test run is starting.
TpTrace Verbose: 0 : 23970, 1, 2025/05/08, 19:17:13.332, 333390929941958, vstest.console.dll, RunTestsArgumentProcessor:Execute: Queuing Test run.
TpTrace Information: 0 : 23970, 1, 2025/05/08, 19:17:13.332, 333390930002875, vstest.console.dll, TestRequestManager.RunTests: run tests started.
TpTrace Information: 0 : 23970, 1, 2025/05/08, 19:17:13.333, 333390930597250, vstest.console.dll, AssemblyMetadataProvider.GetFrameworkName: Determined framework:'.NETCoreApp,Version=v8.0' for source: '/Users/david.arsov/Downloads/FlightsApplication/TestExamIS.Tests/bin/Debug/net8.0/TestExamIS.Tests.dll'
TpTrace Information: 0 : 23970, 1, 2025/05/08, 19:17:13.333, 333390930638416, vstest.console.dll, Determined framework for all sources: .NETCoreApp,Version=v8.0
TpTrace Verbose: 0 : 23970, 1, 2025/05/08, 19:17:13.333, 333390930711666, vstest.console.dll, TestRequestManager.UpdateRunSettingsIfRequired: Default architecture: ARM64 IsDefaultTargetArchitecture: True, Current process architecture: ARM64 OperatingSystem: OSX.
TpTrace Information: 0 : 23970, 1, 2025/05/08, 19:17:13.333, 333390931233083, vstest.console.dll, AssemblyMetadataProvider.GetArchitecture: Determined architecture:AnyCPU info for assembly: /Users/david.arsov/Downloads/FlightsApplication/TestExamIS.Tests/bin/Debug/net8.0/TestExamIS.Tests.dll
TpTrace Information: 0 : 23970, 1, 2025/05/08, 19:17:13.333, 333390931243000, vstest.console.dll, Determined platform for source '/Users/david.arsov/Downloads/FlightsApplication/TestExamIS.Tests/bin/Debug/net8.0/TestExamIS.Tests.dll' was AnyCPU and it will use the default plaform ARM64.
TpTrace Information: 0 : 23970, 1, 2025/05/08, 19:17:13.333, 333390931248750, vstest.console.dll, None of the sources provided any runnable platform, using the default platform: ARM64
TpTrace Information: 0 : 23970, 1, 2025/05/08, 19:17:13.334, 333390931289916, vstest.console.dll, Platform was updated to 'ARM64'.
TpTrace Information: 0 : 23970, 1, 2025/05/08, 19:17:13.334, 333390931816750, vstest.console.dll, Compatible sources list: 
TpTrace Information: 0 : 23970, 1, 2025/05/08, 19:17:13.334, 333390931824916, vstest.console.dll, /Users/david.arsov/Downloads/FlightsApplication/TestExamIS.Tests/bin/Debug/net8.0/TestExamIS.Tests.dll
TpTrace Information: 0 : 23970, 1, 2025/05/08, 19:17:13.335, 333390932472916, vstest.console.dll, InferRunSettingsHelper.IsTestSettingsEnabled: Unable to navigate to RunSettings/MSTest. Current node: RunSettings
TpTrace Information: 0 : 23970, 1, 2025/05/08, 19:17:13.335, 333390932622250, vstest.console.dll, AssemblyResolver.OnResolve: Microsoft.VisualStudio.TestPlatform.Fakes: Resolving assembly.
TpTrace Information: 0 : 23970, 1, 2025/05/08, 19:17:13.335, 333390932631916, vstest.console.dll, AssemblyResolver.OnResolve: Microsoft.VisualStudio.TestPlatform.Fakes: Searching in: '/Users/david.arsov/.dotnet/sdk/8.0.406/Extensions'.
TpTrace Information: 0 : 23970, 1, 2025/05/08, 19:17:13.335, 333390932644000, vstest.console.dll, AssemblyResolver.OnResolve: Microsoft.VisualStudio.TestPlatform.Fakes: Assembly path does not exist: '/Users/david.arsov/.dotnet/sdk/8.0.406/Extensions/Microsoft.VisualStudio.TestPlatform.Fakes.dll', returning.
TpTrace Information: 0 : 23970, 1, 2025/05/08, 19:17:13.335, 333390932651333, vstest.console.dll, AssemblyResolver.OnResolve: Microsoft.VisualStudio.TestPlatform.Fakes: Assembly path does not exist: '/Users/david.arsov/.dotnet/sdk/8.0.406/Extensions/Microsoft.VisualStudio.TestPlatform.Fakes.exe', returning.
TpTrace Information: 0 : 23970, 1, 2025/05/08, 19:17:13.335, 333390932656333, vstest.console.dll, AssemblyResolver.OnResolve: Microsoft.VisualStudio.TestPlatform.Fakes: Searching in: '/Users/david.arsov/.dotnet/sdk/8.0.406'.
TpTrace Information: 0 : 23970, 1, 2025/05/08, 19:17:13.335, 333390932664166, vstest.console.dll, AssemblyResolver.OnResolve: Microsoft.VisualStudio.TestPlatform.Fakes: Assembly path does not exist: '/Users/david.arsov/.dotnet/sdk/8.0.406/Microsoft.VisualStudio.TestPlatform.Fakes.dll', returning.
TpTrace Information: 0 : 23970, 1, 2025/05/08, 19:17:13.335, 333390932676583, vstest.console.dll, AssemblyResolver.OnResolve: Microsoft.VisualStudio.TestPlatform.Fakes: Assembly path does not exist: '/Users/david.arsov/.dotnet/sdk/8.0.406/Microsoft.VisualStudio.TestPlatform.Fakes.exe', returning.
TpTrace Information: 0 : 23970, 1, 2025/05/08, 19:17:13.335, 333390932681333, vstest.console.dll, AssemblyResolver.OnResolve: Microsoft.VisualStudio.TestPlatform.Fakes: Failed to load assembly.
TpTrace Information: 0 : 23970, 1, 2025/05/08, 19:17:13.335, 333390932787625, vstest.console.dll, Failed to load assembly Microsoft.VisualStudio.TestPlatform.Fakes, Version=17.0.0.0, Culture=neutral. Reason:System.IO.FileNotFoundException: Could not load file or assembly 'Microsoft.VisualStudio.TestPlatform.Fakes, Version=17.0.0.0, Culture=neutral, PublicKeyToken=null'. The system cannot find the file specified.

File name: 'Microsoft.VisualStudio.TestPlatform.Fakes, Version=17.0.0.0, Culture=neutral, PublicKeyToken=null'
   at System.Reflection.RuntimeAssembly.InternalLoad(AssemblyName assemblyName, StackCrawlMark& stackMark, AssemblyLoadContext assemblyLoadContext, RuntimeAssembly requestingAssembly, Boolean throwOnFileNotFound)
   at System.Reflection.Assembly.Load(AssemblyName assemblyRef)
   at Microsoft.VisualStudio.TestPlatform.Common.Utilities.FakesUtilities.LoadTestPlatformAssembly() in /_/src/Microsoft.TestPlatform.Common/Utilities/FakesUtilities.cs:line 272
TpTrace Verbose: 0 : 23970, 1, 2025/05/08, 19:17:13.335, 333390933124125, vstest.console.dll, TestPluginCache: Update extensions started. Skip filter = False
TpTrace Verbose: 0 : 23970, 1, 2025/05/08, 19:17:13.335, 333390933230750, vstest.console.dll, TestPluginCache: Using directories for assembly resolution '/Users/david.arsov/.nuget/packages/coverlet.collector/6.0.0/build/netstandard1.0'.
TpTrace Verbose: 0 : 23970, 1, 2025/05/08, 19:17:13.335, 333390933240375, vstest.console.dll, TestPluginCache: Updated the available extensions to '/Users/david.arsov/.nuget/packages/coverlet.collector/6.0.0/build/netstandard1.0/coverlet.collector.dll'.
TpTrace Verbose: 0 : 23970, 1, 2025/05/08, 19:17:13.339, 333390936664666, vstest.console.dll, TestEngine: Initializing Parallel Execution as MaxCpuCount is set to: 1
TpTrace Information: 0 : 23970, 1, 2025/05/08, 19:17:13.339, 333390937018958, vstest.console.dll, TestPluginManager.CreateTestExtension: Attempting to load test extension: Microsoft.VisualStudio.TestPlatform.CrossPlatEngine.Hosting.DefaultTestHostManager
TpTrace Information: 0 : 23970, 1, 2025/05/08, 19:17:13.339, 333390937087541, vstest.console.dll, TestPluginManager.CreateTestExtension: Attempting to load test extension: Microsoft.VisualStudio.TestPlatform.CrossPlatEngine.Hosting.DotnetTestHostManager
TpTrace Verbose: 0 : 23970, 1, 2025/05/08, 19:17:13.339, 333390937134458, vstest.console.dll, TestHostManagerCallbacks.ctor: Forwarding output is enabled.
TpTrace Information: 0 : 23970, 1, 2025/05/08, 19:17:13.339, 333390937234708, vstest.console.dll, InferRunSettingsHelper.IsTestSettingsEnabled: Unable to navigate to RunSettings/MSTest. Current node: RunSettings
TpTrace Verbose: 0 : 23970, 1, 2025/05/08, 19:17:13.340, 333390937346708, vstest.console.dll, ParallelOperationManager.ClearSlots: Clearing all slots. Slots should accept more work: True
TpTrace Verbose: 0 : 23970, 1, 2025/05/08, 19:17:13.340, 333390937527500, vstest.console.dll, ParallelOperationManager.SetOccupiedSlotCount: Setting slot counts AvailableSlotCount = 1, OccupiedSlotCount = 0.
TpTrace Verbose: 0 : 23970, 1, 2025/05/08, 19:17:13.340, 333390937618083, vstest.console.dll, Occupied slots:

TpTrace Verbose: 0 : 23970, 1, 2025/05/08, 19:17:13.341, 333390938725000, vstest.console.dll, TestEngine.GetExecutionManager: Chosen execution manager 'Microsoft.VisualStudio.TestPlatform.CrossPlatEngine.Client.Parallel.ParallelProxyExecutionManager, Microsoft.TestPlatform.CrossPlatEngine, Version=15.0.0.0, Culture=neutral, PublicKeyToken=b03f5f7f11d50a3a' ParallelLevel '1'.
TpTrace Verbose: 0 : 23970, 1, 2025/05/08, 19:17:13.341, 333390938761833, vstest.console.dll, TestPlatform.GetSkipDefaultAdapters: Not skipping default adapters SkipDefaultAdapters was false.
TpTrace Verbose: 0 : 23970, 1, 2025/05/08, 19:17:13.341, 333390938780958, vstest.console.dll, TestRunRequest.ExecuteAsync: Creating test run request.
TpTrace Verbose: 0 : 23970, 1, 2025/05/08, 19:17:13.341, 333390938914333, vstest.console.dll, TestRunRequest.ExecuteAsync: Starting.
TpTrace Information: 0 : 23970, 1, 2025/05/08, 19:17:13.341, 333390939152458, vstest.console.dll, TestRunRequest.ExecuteAsync: Starting run with settings:TestRunCriteria:
   KeepAlive=False,FrequencyOfRunStatsChangeEvent=10,RunStatsChangeEventTimeout=00:00:01.5000000,TestCaseFilter=,TestExecutorLauncher=
   Settingsxml=<RunSettings>
  <RunConfiguration>
    <ResultsDirectory>/Users/david.arsov/Downloads/FlightsApplication/TestExamIS.Tests/TestResults</ResultsDirectory>
    <TargetPlatform>ARM64</TargetPlatform>
    <TargetFrameworkVersion>.NETCoreApp,Version=v8.0</TargetFrameworkVersion>
    <TestAdaptersPaths>/Users/david.arsov/.nuget/packages/coverlet.collector/6.0.0/build/netstandard1.0/</TestAdaptersPaths>
    <DesignMode>False</DesignMode>
    <CollectSourceInformation>False</CollectSourceInformation>
  </RunConfiguration>
  <LoggerRunSettings>
    <Loggers>
      <Logger friendlyName="Console" assemblyQualifiedName="Microsoft.VisualStudio.TestPlatform.CommandLine.Internal.ConsoleLogger, vstest.console, Version=15.0.0.0, Culture=neutral, PublicKeyToken=b03f5f7f11d50a3a" codeBase="/Users/david.arsov/.dotnet/sdk/8.0.406/vstest.console.dll" enabled="True">
        <Configuration>
          <Verbosity>minimal</Verbosity>
        </Configuration>
      </Logger>
    </Loggers>
  </LoggerRunSettings>
</RunSettings>

TpTrace Verbose: 0 : 23970, 1, 2025/05/08, 19:17:13.341, 333390939163333, vstest.console.dll, TestRunRequest.ExecuteAsync: Wait for the first run request is over.
TpTrace Verbose: 0 : 23970, 1, 2025/05/08, 19:17:13.341, 333390939222916, vstest.console.dll, MulticastDelegateUtilities.SafeInvoke: TestRun.TestRunStart: Invoking callbacks was skipped because there are no subscribers.
TpTrace Verbose: 0 : 23970, 4, 2025/05/08, 19:17:13.342, 333390939290000, vstest.console.dll, MulticastDelegateUtilities.SafeInvoke: InternalTestLoggerEvents.SendTestRunStart: Invoking callback 1/1 for Microsoft.VisualStudio.TestPlatform.CommandLine.Internal.ConsoleLogger., took 0 ms.
TpTrace Verbose: 0 : 23970, 1, 2025/05/08, 19:17:13.342, 333390939539416, vstest.console.dll, ParallelProxyExecutionManager: Start execution. Total sources: 1
TpTrace Verbose: 0 : 23970, 1, 2025/05/08, 19:17:13.342, 333390939638541, vstest.console.dll, ParallelOperationManager.StartWork: Starting adding 1 workloads.
TpTrace Verbose: 0 : 23970, 1, 2025/05/08, 19:17:13.342, 333390939652125, vstest.console.dll, ParallelOperationManager.ClearSlots: Clearing all slots. Slots should accept more work: True
TpTrace Verbose: 0 : 23970, 1, 2025/05/08, 19:17:13.342, 333390939669375, vstest.console.dll, ParallelOperationManager.SetOccupiedSlotCount: Setting slot counts AvailableSlotCount = 1, OccupiedSlotCount = 0.
TpTrace Verbose: 0 : 23970, 1, 2025/05/08, 19:17:13.342, 333390939677125, vstest.console.dll, Occupied slots:

TpTrace Verbose: 0 : 23970, 1, 2025/05/08, 19:17:13.342, 333390939995208, vstest.console.dll, TestHostManagerCallbacks.ctor: Forwarding output is enabled.
TpTrace Verbose: 0 : 23970, 1, 2025/05/08, 19:17:13.342, 333390940046625, vstest.console.dll, TestRequestSender is acting as server.
TpTrace Verbose: 0 : 23970, 1, 2025/05/08, 19:17:13.342, 333390940103291, vstest.console.dll, ParallelOperationManager.RunWorkInParallel: Adding 1 workload to slot, remaining workloads 0.
TpTrace Verbose: 0 : 23970, 1, 2025/05/08, 19:17:13.342, 333390940110291, vstest.console.dll, ParallelOperationManager.SetOccupiedSlotCount: Setting slot counts AvailableSlotCount = 0, OccupiedSlotCount = 1.
TpTrace Verbose: 0 : 23970, 1, 2025/05/08, 19:17:13.342, 333390940131833, vstest.console.dll, Occupied slots:
0: /Users/david.arsov/Downloads/FlightsApplication/TestExamIS.Tests/bin/Debug/net8.0/TestExamIS.Tests.dll
TpTrace Verbose: 0 : 23970, 1, 2025/05/08, 19:17:13.343, 333390940431666, vstest.console.dll, ParallelOperationManager.RunWorkInParallel: Started host in slot number 0 for work (source): /Users/david.arsov/Downloads/FlightsApplication/TestExamIS.Tests/bin/Debug/net8.0/TestExamIS.Tests.dll.
TpTrace Verbose: 0 : 23970, 1, 2025/05/08, 19:17:13.343, 333390940688083, vstest.console.dll, ParallelOperationManager.RunWorkInParallel: We started 1 work items, which is the max parallel level. Won't start more work.
TpTrace Verbose: 0 : 23970, 1, 2025/05/08, 19:17:13.343, 333390940710125, vstest.console.dll, ParallelOperationManager.RunWorkInParallel: We started 1 work items in here, returning True.
TpTrace Information: 0 : 23970, 1, 2025/05/08, 19:17:13.343, 333390940720541, vstest.console.dll, TestRunRequest.ExecuteAsync: Started.
TpTrace Verbose: 0 : 23970, 5, 2025/05/08, 19:17:13.343, 333390940755083, vstest.console.dll, ParallelProxyExecutionManager.StartTestRunOnConcurrentManager: Initializing uninitialized client. Started clients: 0
TpTrace Verbose: 0 : 23970, 5, 2025/05/08, 19:17:13.343, 333390940763208, vstest.console.dll, ParallelProxyExecutionManager.StartTestRunOnConcurrentManager: Initializing test run. Started clients: 0
TpTrace Verbose: 0 : 23970, 5, 2025/05/08, 19:17:13.343, 333390940779500, vstest.console.dll, ProxyExecutionManager: Test host is always Lazy initialize.
TpTrace Verbose: 0 : 23970, 5, 2025/05/08, 19:17:13.343, 333390940842083, vstest.console.dll, TestRequestSender.InitializeCommunication: initialize communication. 
TpTrace Verbose: 0 : 23970, 1, 2025/05/08, 19:17:13.343, 333390940956333, vstest.console.dll, TestRunRequest.WaitForCompletion: Waiting with timeout -1.
TpTrace Information: 0 : 23970, 5, 2025/05/08, 19:17:13.345, 333390943021458, vstest.console.dll, SocketServer.Start: Listening on endpoint : 127.0.0.1:59055
TpTrace Verbose: 0 : 23970, 5, 2025/05/08, 19:17:13.347, 333390944375375, vstest.console.dll, DotnetTestHostmanager.GetTestHostProcessStartInfo: Platform environment 'ARM64' target architecture 'ARM64' framework '.NETCoreApp,Version=v8.0' OS 'OSX'
TpTrace Verbose: 0 : 23970, 5, 2025/05/08, 19:17:13.347, 333390944418875, vstest.console.dll, DotnetTestHostmanager: Adding  --runtimeconfig "/Users/david.arsov/Downloads/FlightsApplication/TestExamIS.Tests/bin/Debug/net8.0/TestExamIS.Tests.runtimeconfig.json" in args
TpTrace Verbose: 0 : 23970, 5, 2025/05/08, 19:17:13.347, 333390944432375, vstest.console.dll, DotnetTestHostmanager: Adding  --depsfile "/Users/david.arsov/Downloads/FlightsApplication/TestExamIS.Tests/bin/Debug/net8.0/TestExamIS.Tests.deps.json" in args
TpTrace Information: 0 : 23970, 5, 2025/05/08, 19:17:13.347, 333390944456625, vstest.console.dll, AssemblyResolver.OnResolve: Microsoft.Extensions.DependencyModel: Resolving assembly.
TpTrace Information: 0 : 23970, 5, 2025/05/08, 19:17:13.347, 333390944465708, vstest.console.dll, AssemblyResolver.OnResolve: Microsoft.Extensions.DependencyModel: Searching in: '/Users/david.arsov/.dotnet/sdk/8.0.406/Extensions'.
TpTrace Information: 0 : 23970, 5, 2025/05/08, 19:17:13.347, 333390944475000, vstest.console.dll, AssemblyResolver.OnResolve: Microsoft.Extensions.DependencyModel: Assembly path does not exist: '/Users/david.arsov/.dotnet/sdk/8.0.406/Extensions/Microsoft.Extensions.DependencyModel.dll', returning.
TpTrace Information: 0 : 23970, 5, 2025/05/08, 19:17:13.347, 333390944482875, vstest.console.dll, AssemblyResolver.OnResolve: Microsoft.Extensions.DependencyModel: Assembly path does not exist: '/Users/david.arsov/.dotnet/sdk/8.0.406/Extensions/Microsoft.Extensions.DependencyModel.exe', returning.
TpTrace Information: 0 : 23970, 5, 2025/05/08, 19:17:13.347, 333390944487875, vstest.console.dll, AssemblyResolver.OnResolve: Microsoft.Extensions.DependencyModel: Searching in: '/Users/david.arsov/.dotnet/sdk/8.0.406'.
TpTrace Information: 0 : 23970, 5, 2025/05/08, 19:17:13.347, 333390945111166, vstest.console.dll, AssemblyResolver.OnResolve: Microsoft.Extensions.DependencyModel: Loading assembly '/Users/david.arsov/.dotnet/sdk/8.0.406/Microsoft.Extensions.DependencyModel.dll'.
TpTrace Information: 0 : 23970, 5, 2025/05/08, 19:17:13.348, 333390945447541, vstest.console.dll, AssemblyResolver.OnResolve: Resolved assembly: Microsoft.Extensions.DependencyModel, from path: /Users/david.arsov/.dotnet/sdk/8.0.406/Microsoft.Extensions.DependencyModel.dll
TpTrace Verbose: 0 : 23970, 5, 2025/05/08, 19:17:13.348, 333390945611208, vstest.console.dll, DotnetTestHostmanager: Runtimeconfig.dev.json /Users/david.arsov/Downloads/FlightsApplication/TestExamIS.Tests/bin/Debug/net8.0/TestExamIS.Tests.runtimeconfig.dev.json does not exist.
TpTrace Verbose: 0 : 23970, 5, 2025/05/08, 19:17:13.348, 333390945627916, vstest.console.dll, DotnetTestHostManager: Found testhost.dll in source directory: /Users/david.arsov/Downloads/FlightsApplication/TestExamIS.Tests/bin/Debug/net8.0/testhost.dll.
TpTrace Verbose: 0 : 23970, 5, 2025/05/08, 19:17:13.348, 333390945647250, vstest.console.dll, DotnetTestHostmanager: Current process architetcure 'ARM64'
TpTrace Verbose: 0 : 23970, 5, 2025/05/08, 19:17:13.348, 333390945677000, vstest.console.dll, DotnetTestHostmanager.LaunchTestHostAsync: Compatible muxer architecture of running process 'ARM64' and target architecture 'ARM64'
TpTrace Verbose: 0 : 23970, 5, 2025/05/08, 19:17:13.348, 333390945684916, vstest.console.dll, DotnetTestHostmanager: Full path of testhost.dll is /Users/david.arsov/Downloads/FlightsApplication/TestExamIS.Tests/bin/Debug/net8.0/testhost.dll
TpTrace Verbose: 0 : 23970, 5, 2025/05/08, 19:17:13.348, 333390945695125, vstest.console.dll, DotnetTestHostmanager: Full path of host exe is /Users/david.arsov/.dotnet/dotnet
TpTrace Verbose: 0 : 23970, 5, 2025/05/08, 19:17:13.348, 333390945752000, vstest.console.dll, DotnetTestHostManager: Starting process '/Users/david.arsov/.dotnet/dotnet' with command line 'exec --runtimeconfig "/Users/david.arsov/Downloads/FlightsApplication/TestExamIS.Tests/bin/Debug/net8.0/TestExamIS.Tests.runtimeconfig.json" --depsfile "/Users/david.arsov/Downloads/FlightsApplication/TestExamIS.Tests/bin/Debug/net8.0/TestExamIS.Tests.deps.json" "/Users/david.arsov/Downloads/FlightsApplication/TestExamIS.Tests/bin/Debug/net8.0/testhost.dll" --port 59055 --endpoint 127.0.0.1:059055 --role client --parentprocessid 23970 --diag "/Users/david.arsov/Downloads/FlightsApplication/TestExamIS.Tests/testlog.host.25-05-08_19-17-13_34699_5.txt" --tracelevel 4 --telemetryoptedin false'
TpTrace Verbose: 0 : 23970, 5, 2025/05/08, 19:17:13.363, 333390960409916, vstest.console.dll, Test Runtime launched
TpTrace Verbose: 0 : 23970, 5, 2025/05/08, 19:17:13.363, 333390960540458, vstest.console.dll, MulticastDelegateUtilities.SafeInvoke: HostProviderEvents.OnHostLaunched: Invoking callback 1/1 for Microsoft.VisualStudio.TestPlatform.CrossPlatEngine.Client.ProxyOperationManager., took 0 ms.
TpTrace Verbose: 0 : 23970, 5, 2025/05/08, 19:17:13.363, 333390960666291, vstest.console.dll, TestRequestSender.WaitForRequestHandlerConnection: waiting for connection with timeout: 90000.
TpTrace Verbose: 0 : 23970, 5, 2025/05/08, 19:17:13.428, 333391025815000, vstest.console.dll, TestRequestSender.WaitForRequestHandlerConnection: waiting took 65 ms, with timeout 90000 ms, and result 0, which is success.
TpTrace Verbose: 0 : 23970, 11, 2025/05/08, 19:17:13.428, 333391025812083, vstest.console.dll, MulticastDelegateUtilities.SafeInvoke: SocketServer: ClientConnected: Invoking callback 1/1 for Microsoft.VisualStudio.TestPlatform.CommunicationUtilities.TestRequestSender., took 0 ms.
TpTrace Verbose: 0 : 23970, 11, 2025/05/08, 19:17:13.428, 333391025882250, vstest.console.dll, SocketServer.OnClientConnected: Client connected for endPoint: 127.0.0.1:59055, starting MessageLoopAsync:
TpTrace Verbose: 0 : 23970, 7, 2025/05/08, 19:17:13.428, 333391026115625, vstest.console.dll, TcpClientExtensions.MessageLoopAsync: Polling on remoteEndPoint: 127.0.0.1:59056 localEndPoint: 127.0.0.1:59055 after 0 ms
TpTrace Verbose: 0 : 23970, 5, 2025/05/08, 19:17:13.450, 333391047937583, vstest.console.dll, TestRequestSender.CheckVersionWithTestHost: Sending check version message: {"MessageType":"ProtocolVersion","Payload":7}
TpTrace Verbose: 0 : 23970, 7, 2025/05/08, 19:17:13.494, 333391092042125, vstest.console.dll, TcpClientExtensions.MessageLoopAsync: NotifyDataAvailable remoteEndPoint: 127.0.0.1:59056 localEndPoint: 127.0.0.1:59055
TpTrace Verbose: 0 : 23970, 7, 2025/05/08, 19:17:13.494, 333391092202125, vstest.console.dll, TestRequestSender.CheckVersionWithTestHost: onMessageReceived received message: (ProtocolVersion) -> {"MessageType":"ProtocolVersion","Payload":7}
TpTrace Verbose: 0 : 23970, 7, 2025/05/08, 19:17:13.496, 333391093476166, vstest.console.dll, MulticastDelegateUtilities.SafeInvoke: LengthPrefixCommunicationChannel: MessageReceived: Invoking callback 1/1 for Microsoft.VisualStudio.TestPlatform.CommunicationUtilities.TestRequestSender+<>c__DisplayClass29_0., took 1 ms.
TpTrace Verbose: 0 : 23970, 7, 2025/05/08, 19:17:13.496, 333391093498083, vstest.console.dll, TcpClientExtensions.MessageLoopAsync: Polling on remoteEndPoint: 127.0.0.1:59056 localEndPoint: 127.0.0.1:59055 after 67 ms
TpTrace Verbose: 0 : 23970, 7, 2025/05/08, 19:17:13.496, 333391093510583, vstest.console.dll, TcpClientExtensions.MessageLoopAsync: NotifyDataAvailable remoteEndPoint: 127.0.0.1:59056 localEndPoint: 127.0.0.1:59055
TpTrace Verbose: 0 : 23970, 5, 2025/05/08, 19:17:13.496, 333391093541791, vstest.console.dll, TestPluginCache.GetExtensionPaths: Filtered extension paths: 
TpTrace Verbose: 0 : 23970, 5, 2025/05/08, 19:17:13.496, 333391093561916, vstest.console.dll, TestPluginCache.GetExtensionPaths: Added default extension paths: /Users/david.arsov/.dotnet/sdk/8.0.406/Extensions/Microsoft.VisualStudio.TestPlatform.Extensions.Trx.TestLogger.dll
/Users/david.arsov/.dotnet/sdk/8.0.406/Extensions/Microsoft.Diagnostics.NETCore.Client.dll
/Users/david.arsov/.dotnet/sdk/8.0.406/Extensions/Microsoft.TestPlatform.Extensions.BlameDataCollector.dll
/Users/david.arsov/.dotnet/sdk/8.0.406/Extensions/Microsoft.TestPlatform.TestHostRuntimeProvider.dll
/Users/david.arsov/.dotnet/sdk/8.0.406/Extensions/Microsoft.TestPlatform.Extensions.EventLogCollector.dll
/Users/david.arsov/.dotnet/sdk/8.0.406/Extensions/Microsoft.VisualStudio.TestPlatform.Extensions.Html.TestLogger.dll
TpTrace Verbose: 0 : 23970, 5, 2025/05/08, 19:17:13.496, 333391093569500, vstest.console.dll, TestPluginCache.GetExtensionPaths: Added unfilterableExtensionPaths: 
TpTrace Verbose: 0 : 23970, 5, 2025/05/08, 19:17:13.497, 333391094941083, vstest.console.dll, TestRequestSender.InitializeExecution: Sending initialize execution with message: {"Version":7,"MessageType":"TestExecution.Initialize","Payload":["/Users/david.arsov/Downloads/FlightsApplication/TestExamIS.Tests/bin/Debug/net8.0/xunit.runner.visualstudio.dotnetcore.testadapter.dll","/Users/david.arsov/Downloads/FlightsApplication/TestExamIS.Tests/bin/Debug/net8.0/NUnit3.TestAdapter.dll","/Users/david.arsov/Downloads/FlightsApplication/TestExamIS.Tests/bin/Debug/net8.0/Microsoft.Playwright.TestAdapter.dll"]}
TpTrace Verbose: 0 : 23970, 5, 2025/05/08, 19:17:13.497, 333391094985666, vstest.console.dll, ParallelProxyExecutionManager.StartTestRunOnConcurrentManager: Execution starting. Started clients: 1
TpTrace Warning: 0 : 23970, 5, 2025/05/08, 19:17:13.497, 333391095147458, vstest.console.dll, InferRunSettingsHelper.MakeRunsettingsCompatible: Removing the following settings: TargetPlatform from RunSettings file. To use those settings please move to latest version of Microsoft.NET.Test.Sdk
TpTrace Verbose: 0 : 23970, 7, 2025/05/08, 19:17:13.498, 333391095419000, vstest.console.dll, TestRequestSender.OnExecutionMessageReceived: Received message: {"Version":7,"MessageType":"TestSession.Message","Payload":{"MessageLevel":0,"Message":"Logging TestHost Diagnostics in file: /Users/david.arsov/Downloads/FlightsApplication/TestExamIS.Tests/testlog.host.25-05-08_19-17-13_34699_5.txt"}}
TpTrace Verbose: 0 : 23970, 7, 2025/05/08, 19:17:13.499, 333391096478250, vstest.console.dll, TestRunRequest:SendTestRunMessage: Starting.
TpTrace Verbose: 0 : 23970, 7, 2025/05/08, 19:17:13.499, 333391096567708, vstest.console.dll, MulticastDelegateUtilities.SafeInvoke: TestRun.LogMessages: Invoking callback 1/1 for Microsoft.VisualStudio.TestPlatform.CommandLine.TestRunResultAggregator., took 0 ms.
TpTrace Information: 0 : 23970, 7, 2025/05/08, 19:17:13.499, 333391096577500, vstest.console.dll, TestRunRequest:SendTestRunMessage: Completed.
TpTrace Verbose: 0 : 23970, 7, 2025/05/08, 19:17:13.499, 333391096586166, vstest.console.dll, MulticastDelegateUtilities.SafeInvoke: LengthPrefixCommunicationChannel: MessageReceived: Invoking callback 1/1 for Microsoft.VisualStudio.TestPlatform.CommunicationUtilities.TestRequestSender+<>c__DisplayClass34_0., took 1 ms.
TpTrace Verbose: 0 : 23970, 7, 2025/05/08, 19:17:13.499, 333391096593791, vstest.console.dll, TcpClientExtensions.MessageLoopAsync: Polling on remoteEndPoint: 127.0.0.1:59056 localEndPoint: 127.0.0.1:59055 after 3 ms
TpTrace Verbose: 0 : 23970, 4, 2025/05/08, 19:17:13.499, 333391096678625, vstest.console.dll, MulticastDelegateUtilities.SafeInvoke: InternalTestLoggerEvents.SendTestRunMessage: Invoking callback 1/1 for Microsoft.VisualStudio.TestPlatform.CommandLine.Internal.ConsoleLogger., took 0 ms.
TpTrace Verbose: 0 : 23970, 5, 2025/05/08, 19:17:13.499, 333391097244333, vstest.console.dll, TestRequestSender.StartTestRun: Sending test run with message: {"Version":7,"MessageType":"TestExecution.StartWithSources","Payload":{"AdapterSourceMap":{"_none_":["/Users/david.arsov/Downloads/FlightsApplication/TestExamIS.Tests/bin/Debug/net8.0/TestExamIS.Tests.dll"]},"RunSettings":"<RunSettings>\n  <RunConfiguration>\n    <ResultsDirectory>/Users/david.arsov/Downloads/FlightsApplication/TestExamIS.Tests/TestResults</ResultsDirectory>\n    <TargetFrameworkVersion>.NETCoreApp,Version=v8.0</TargetFrameworkVersion>\n    <TestAdaptersPaths>/Users/david.arsov/.nuget/packages/coverlet.collector/6.0.0/build/netstandard1.0/</TestAdaptersPaths>\n    <DesignMode>False</DesignMode>\n    <CollectSourceInformation>False</CollectSourceInformation>\n  </RunConfiguration>\n  <LoggerRunSettings>\n    <Loggers>\n      <Logger friendlyName=\"Console\" assemblyQualifiedName=\"Microsoft.VisualStudio.TestPlatform.CommandLine.Internal.ConsoleLogger, vstest.console, Version=15.0.0.0, Culture=neutral, PublicKeyToken=b03f5f7f11d50a3a\" codeBase=\"/Users/david.arsov/.dotnet/sdk/8.0.406/vstest.console.dll\" enabled=\"True\">\n        <Configuration>\n          <Verbosity>minimal</Verbosity>\n        </Configuration>\n      </Logger>\n    </Loggers>\n  </LoggerRunSettings>\n</RunSettings>","TestExecutionContext":{"FrequencyOfRunStatsChangeEvent":10,"RunStatsChangeEventTimeout":"00:00:01.5000000","InIsolation":false,"KeepAlive":false,"AreTestCaseLevelEventsRequired":false,"IsDebug":false,"TestCaseFilter":null,"FilterOptions":null},"Package":null}}
TpTrace Verbose: 0 : 23970, 5, 2025/05/08, 19:17:13.500, 333391097279375, vstest.console.dll, ParallelProxyExecutionManager.StartTestRunOnConcurrentManager: Execution started. Started clients: 1
TpTrace Verbose: 0 : 23970, 7, 2025/05/08, 19:17:13.551, 333391148609541, vstest.console.dll, TcpClientExtensions.MessageLoopAsync: NotifyDataAvailable remoteEndPoint: 127.0.0.1:59056 localEndPoint: 127.0.0.1:59055
TpTrace Verbose: 0 : 23970, 7, 2025/05/08, 19:17:13.551, 333391148686666, vstest.console.dll, TestRequestSender.OnExecutionMessageReceived: Received message: {"Version":7,"MessageType":"TestSession.Message","Payload":{"MessageLevel":0,"Message":"[xUnit.net 00:00:00.00] xUnit.net VSTest Adapter v2.5.3.1+6b60a9e56a (64-bit .NET 8.0.13)"}}
TpTrace Verbose: 0 : 23970, 7, 2025/05/08, 19:17:13.551, 333391148778958, vstest.console.dll, TestRunRequest:SendTestRunMessage: Starting.
TpTrace Verbose: 0 : 23970, 7, 2025/05/08, 19:17:13.551, 333391148802291, vstest.console.dll, MulticastDelegateUtilities.SafeInvoke: TestRun.LogMessages: Invoking callback 1/1 for Microsoft.VisualStudio.TestPlatform.CommandLine.TestRunResultAggregator., took 0 ms.
TpTrace Information: 0 : 23970, 7, 2025/05/08, 19:17:13.551, 333391148817291, vstest.console.dll, TestRunRequest:SendTestRunMessage: Completed.
TpTrace Verbose: 0 : 23970, 4, 2025/05/08, 19:17:13.551, 333391148820583, vstest.console.dll, MulticastDelegateUtilities.SafeInvoke: InternalTestLoggerEvents.SendTestRunMessage: Invoking callback 1/1 for Microsoft.VisualStudio.TestPlatform.CommandLine.Internal.ConsoleLogger., took 0 ms.
TpTrace Verbose: 0 : 23970, 7, 2025/05/08, 19:17:13.551, 333391148823625, vstest.console.dll, MulticastDelegateUtilities.SafeInvoke: LengthPrefixCommunicationChannel: MessageReceived: Invoking callback 1/1 for Microsoft.VisualStudio.TestPlatform.CommunicationUtilities.TestRequestSender+<>c__DisplayClass34_0., took 0 ms.
TpTrace Verbose: 0 : 23970, 7, 2025/05/08, 19:17:13.551, 333391148856958, vstest.console.dll, TcpClientExtensions.MessageLoopAsync: Polling on remoteEndPoint: 127.0.0.1:59056 localEndPoint: 127.0.0.1:59055 after 52 ms
TpTrace Verbose: 0 : 23970, 7, 2025/05/08, 19:17:13.592, 333391189739833, vstest.console.dll, TcpClientExtensions.MessageLoopAsync: NotifyDataAvailable remoteEndPoint: 127.0.0.1:59056 localEndPoint: 127.0.0.1:59055
TpTrace Verbose: 0 : 23970, 7, 2025/05/08, 19:17:13.592, 333391189815750, vstest.console.dll, TestRequestSender.OnExecutionMessageReceived: Received message: {"Version":7,"MessageType":"TestSession.Message","Payload":{"MessageLevel":0,"Message":"[xUnit.net 00:00:00.04]   Discovering: TestExamIS.Tests"}}
TpTrace Verbose: 0 : 23970, 7, 2025/05/08, 19:17:13.592, 333391189872500, vstest.console.dll, TestRunRequest:SendTestRunMessage: Starting.
TpTrace Verbose: 0 : 23970, 7, 2025/05/08, 19:17:13.592, 333391189892708, vstest.console.dll, MulticastDelegateUtilities.SafeInvoke: TestRun.LogMessages: Invoking callback 1/1 for Microsoft.VisualStudio.TestPlatform.CommandLine.TestRunResultAggregator., took 0 ms.
TpTrace Information: 0 : 23970, 7, 2025/05/08, 19:17:13.592, 333391189899375, vstest.console.dll, TestRunRequest:SendTestRunMessage: Completed.
TpTrace Verbose: 0 : 23970, 7, 2025/05/08, 19:17:13.592, 333391189905208, vstest.console.dll, MulticastDelegateUtilities.SafeInvoke: LengthPrefixCommunicationChannel: MessageReceived: Invoking callback 1/1 for Microsoft.VisualStudio.TestPlatform.CommunicationUtilities.TestRequestSender+<>c__DisplayClass34_0., took 0 ms.
TpTrace Verbose: 0 : 23970, 4, 2025/05/08, 19:17:13.592, 333391189907625, vstest.console.dll, MulticastDelegateUtilities.SafeInvoke: InternalTestLoggerEvents.SendTestRunMessage: Invoking callback 1/1 for Microsoft.VisualStudio.TestPlatform.CommandLine.Internal.ConsoleLogger., took 0 ms.
TpTrace Verbose: 0 : 23970, 7, 2025/05/08, 19:17:13.592, 333391189916833, vstest.console.dll, TcpClientExtensions.MessageLoopAsync: Polling on remoteEndPoint: 127.0.0.1:59056 localEndPoint: 127.0.0.1:59055 after 41 ms
TpTrace Verbose: 0 : 23970, 7, 2025/05/08, 19:17:13.605, 333391202972333, vstest.console.dll, TcpClientExtensions.MessageLoopAsync: NotifyDataAvailable remoteEndPoint: 127.0.0.1:59056 localEndPoint: 127.0.0.1:59055
TpTrace Verbose: 0 : 23970, 7, 2025/05/08, 19:17:13.605, 333391203020291, vstest.console.dll, TestRequestSender.OnExecutionMessageReceived: Received message: {"Version":7,"MessageType":"TestSession.Message","Payload":{"MessageLevel":0,"Message":"[xUnit.net 00:00:00.05]   Discovered:  TestExamIS.Tests"}}
TpTrace Verbose: 0 : 23970, 7, 2025/05/08, 19:17:13.605, 333391203059875, vstest.console.dll, TestRunRequest:SendTestRunMessage: Starting.
TpTrace Verbose: 0 : 23970, 7, 2025/05/08, 19:17:13.605, 333391203075875, vstest.console.dll, MulticastDelegateUtilities.SafeInvoke: TestRun.LogMessages: Invoking callback 1/1 for Microsoft.VisualStudio.TestPlatform.CommandLine.TestRunResultAggregator., took 0 ms.
TpTrace Information: 0 : 23970, 7, 2025/05/08, 19:17:13.605, 333391203081750, vstest.console.dll, TestRunRequest:SendTestRunMessage: Completed.
TpTrace Verbose: 0 : 23970, 7, 2025/05/08, 19:17:13.605, 333391203087125, vstest.console.dll, MulticastDelegateUtilities.SafeInvoke: LengthPrefixCommunicationChannel: MessageReceived: Invoking callback 1/1 for Microsoft.VisualStudio.TestPlatform.CommunicationUtilities.TestRequestSender+<>c__DisplayClass34_0., took 0 ms.
TpTrace Verbose: 0 : 23970, 4, 2025/05/08, 19:17:13.605, 333391203088333, vstest.console.dll, MulticastDelegateUtilities.SafeInvoke: InternalTestLoggerEvents.SendTestRunMessage: Invoking callback 1/1 for Microsoft.VisualStudio.TestPlatform.CommandLine.Internal.ConsoleLogger., took 0 ms.
TpTrace Verbose: 0 : 23970, 7, 2025/05/08, 19:17:13.605, 333391203098708, vstest.console.dll, TcpClientExtensions.MessageLoopAsync: Polling on remoteEndPoint: 127.0.0.1:59056 localEndPoint: 127.0.0.1:59055 after 13 ms
TpTrace Verbose: 0 : 23970, 7, 2025/05/08, 19:17:13.606, 333391203864416, vstest.console.dll, TcpClientExtensions.MessageLoopAsync: NotifyDataAvailable remoteEndPoint: 127.0.0.1:59056 localEndPoint: 127.0.0.1:59055
TpTrace Verbose: 0 : 23970, 7, 2025/05/08, 19:17:13.606, 333391203879833, vstest.console.dll, TestRequestSender.OnExecutionMessageReceived: Received message: {"Version":7,"MessageType":"TestSession.Message","Payload":{"MessageLevel":0,"Message":"[xUnit.net 00:00:00.05]   Starting:    TestExamIS.Tests"}}
TpTrace Verbose: 0 : 23970, 7, 2025/05/08, 19:17:13.606, 333391203893583, vstest.console.dll, TestRunRequest:SendTestRunMessage: Starting.
TpTrace Verbose: 0 : 23970, 7, 2025/05/08, 19:17:13.606, 333391203902666, vstest.console.dll, MulticastDelegateUtilities.SafeInvoke: TestRun.LogMessages: Invoking callback 1/1 for Microsoft.VisualStudio.TestPlatform.CommandLine.TestRunResultAggregator., took 0 ms.
TpTrace Information: 0 : 23970, 7, 2025/05/08, 19:17:13.606, 333391203907291, vstest.console.dll, TestRunRequest:SendTestRunMessage: Completed.
TpTrace Verbose: 0 : 23970, 4, 2025/05/08, 19:17:13.606, 333391203910458, vstest.console.dll, MulticastDelegateUtilities.SafeInvoke: InternalTestLoggerEvents.SendTestRunMessage: Invoking callback 1/1 for Microsoft.VisualStudio.TestPlatform.CommandLine.Internal.ConsoleLogger., took 0 ms.
TpTrace Verbose: 0 : 23970, 7, 2025/05/08, 19:17:13.606, 333391203911916, vstest.console.dll, MulticastDelegateUtilities.SafeInvoke: LengthPrefixCommunicationChannel: MessageReceived: Invoking callback 1/1 for Microsoft.VisualStudio.TestPlatform.CommunicationUtilities.TestRequestSender+<>c__DisplayClass34_0., took 0 ms.
TpTrace Verbose: 0 : 23970, 7, 2025/05/08, 19:17:13.606, 333391203925458, vstest.console.dll, TcpClientExtensions.MessageLoopAsync: Polling on remoteEndPoint: 127.0.0.1:59056 localEndPoint: 127.0.0.1:59055 after 0 ms
TpTrace Verbose: 0 : 23970, 5, 2025/05/08, 19:17:13.985, 333391582808208, vstest.console.dll, TestHostManagerCallbacks.StandardOutputReceivedCallback Test host standard output line: warn: Microsoft.EntityFrameworkCore.Model.Validation[10625]
TpTrace Verbose: 0 : 23970, 5, 2025/05/08, 19:17:13.985, 333391582976916, vstest.console.dll, MulticastDelegateUtilities.SafeInvoke: TestRunMessageLoggerProxy.SendMessage: Invoking callback 1/1 for Microsoft.VisualStudio.TestPlatform.Common.Logging.InternalTestLoggerEvents., took 0 ms.
TpTrace Verbose: 0 : 23970, 5, 2025/05/08, 19:17:13.985, 333391582998625, vstest.console.dll, TestHostManagerCallbacks.StandardOutputReceivedCallback Test host standard output line:       The foreign key property 'PassengerOnFlight.SeatId1' was created in shadow state because a conflicting property with the simple name 'SeatId' exists in the entity type, but is either not mapped, is already used for another relationship, or is incompatible with the associated primary key type. See https://aka.ms/efcore-relationships for information on mapping relationships in EF Core.
TpTrace Verbose: 0 : 23970, 4, 2025/05/08, 19:17:13.985, 333391582996708, vstest.console.dll, MulticastDelegateUtilities.SafeInvoke: InternalTestLoggerEvents.SendMessage: Invoking callback 1/1 for Microsoft.VisualStudio.TestPlatform.CommandLine.Internal.ConsoleLogger., took 0 ms.
TpTrace Verbose: 0 : 23970, 5, 2025/05/08, 19:17:13.985, 333391583021625, vstest.console.dll, MulticastDelegateUtilities.SafeInvoke: TestRunMessageLoggerProxy.SendMessage: Invoking callback 1/1 for Microsoft.VisualStudio.TestPlatform.Common.Logging.InternalTestLoggerEvents., took 0 ms.
TpTrace Verbose: 0 : 23970, 4, 2025/05/08, 19:17:13.985, 333391583033416, vstest.console.dll, MulticastDelegateUtilities.SafeInvoke: InternalTestLoggerEvents.SendMessage: Invoking callback 1/1 for Microsoft.VisualStudio.TestPlatform.CommandLine.Internal.ConsoleLogger., took 0 ms.
TpTrace Verbose: 0 : 23970, 5, 2025/05/08, 19:17:14.002, 333391599713416, vstest.console.dll, TestHostManagerCallbacks.StandardOutputReceivedCallback Test host standard output line: warn: Microsoft.EntityFrameworkCore.Model.Validation[10625]
TpTrace Verbose: 0 : 23970, 5, 2025/05/08, 19:17:14.002, 333391599760083, vstest.console.dll, MulticastDelegateUtilities.SafeInvoke: TestRunMessageLoggerProxy.SendMessage: Invoking callback 1/1 for Microsoft.VisualStudio.TestPlatform.Common.Logging.InternalTestLoggerEvents., took 0 ms.
TpTrace Verbose: 0 : 23970, 5, 2025/05/08, 19:17:14.002, 333391599773750, vstest.console.dll, TestHostManagerCallbacks.StandardOutputReceivedCallback Test host standard output line:       The foreign key property 'PassengerOnFlight.SeatId1' was created in shadow state because a conflicting property with the simple name 'SeatId' exists in the entity type, but is either not mapped, is already used for another relationship, or is incompatible with the associated primary key type. See https://aka.ms/efcore-relationships for information on mapping relationships in EF Core.
TpTrace Verbose: 0 : 23970, 4, 2025/05/08, 19:17:14.002, 333391599778291, vstest.console.dll, MulticastDelegateUtilities.SafeInvoke: InternalTestLoggerEvents.SendMessage: Invoking callback 1/1 for Microsoft.VisualStudio.TestPlatform.CommandLine.Internal.ConsoleLogger., took 0 ms.
TpTrace Verbose: 0 : 23970, 5, 2025/05/08, 19:17:14.002, 333391599784083, vstest.console.dll, MulticastDelegateUtilities.SafeInvoke: TestRunMessageLoggerProxy.SendMessage: Invoking callback 1/1 for Microsoft.VisualStudio.TestPlatform.Common.Logging.InternalTestLoggerEvents., took 0 ms.
TpTrace Verbose: 0 : 23970, 4, 2025/05/08, 19:17:14.002, 333391599813416, vstest.console.dll, MulticastDelegateUtilities.SafeInvoke: InternalTestLoggerEvents.SendMessage: Invoking callback 1/1 for Microsoft.VisualStudio.TestPlatform.CommandLine.Internal.ConsoleLogger., took 0 ms.
TpTrace Verbose: 0 : 23970, 5, 2025/05/08, 19:17:14.004, 333391601857666, vstest.console.dll, TestHostManagerCallbacks.StandardOutputReceivedCallback Test host standard output line: info: Microsoft.EntityFrameworkCore.Update[30100]
TpTrace Verbose: 0 : 23970, 5, 2025/05/08, 19:17:14.004, 333391601875333, vstest.console.dll, MulticastDelegateUtilities.SafeInvoke: TestRunMessageLoggerProxy.SendMessage: Invoking callback 1/1 for Microsoft.VisualStudio.TestPlatform.Common.Logging.InternalTestLoggerEvents., took 0 ms.
TpTrace Verbose: 0 : 23970, 5, 2025/05/08, 19:17:14.004, 333391601883708, vstest.console.dll, TestHostManagerCallbacks.StandardOutputReceivedCallback Test host standard output line:       Saved 0 entities to in-memory store.
TpTrace Verbose: 0 : 23970, 4, 2025/05/08, 19:17:14.004, 333391601893458, vstest.console.dll, MulticastDelegateUtilities.SafeInvoke: InternalTestLoggerEvents.SendMessage: Invoking callback 1/1 for Microsoft.VisualStudio.TestPlatform.CommandLine.Internal.ConsoleLogger., took 0 ms.
TpTrace Verbose: 0 : 23970, 5, 2025/05/08, 19:17:14.004, 333391601908250, vstest.console.dll, MulticastDelegateUtilities.SafeInvoke: TestRunMessageLoggerProxy.SendMessage: Invoking callback 1/1 for Microsoft.VisualStudio.TestPlatform.Common.Logging.InternalTestLoggerEvents., took 0 ms.
TpTrace Verbose: 0 : 23970, 4, 2025/05/08, 19:17:14.004, 333391601935958, vstest.console.dll, MulticastDelegateUtilities.SafeInvoke: InternalTestLoggerEvents.SendMessage: Invoking callback 1/1 for Microsoft.VisualStudio.TestPlatform.CommandLine.Internal.ConsoleLogger., took 0 ms.
TpTrace Verbose: 0 : 23970, 5, 2025/05/08, 19:17:14.111, 333391709018708, vstest.console.dll, TestHostManagerCallbacks.StandardOutputReceivedCallback Test host standard output line: info: Microsoft.EntityFrameworkCore.Update[30100]
TpTrace Verbose: 0 : 23970, 5, 2025/05/08, 19:17:14.111, 333391709120083, vstest.console.dll, MulticastDelegateUtilities.SafeInvoke: TestRunMessageLoggerProxy.SendMessage: Invoking callback 1/1 for Microsoft.VisualStudio.TestPlatform.Common.Logging.InternalTestLoggerEvents., took 0 ms.
TpTrace Verbose: 0 : 23970, 5, 2025/05/08, 19:17:14.111, 333391709134500, vstest.console.dll, TestHostManagerCallbacks.StandardOutputReceivedCallback Test host standard output line:       Saved 641 entities to in-memory store.
TpTrace Verbose: 0 : 23970, 4, 2025/05/08, 19:17:14.111, 333391709135666, vstest.console.dll, MulticastDelegateUtilities.SafeInvoke: InternalTestLoggerEvents.SendMessage: Invoking callback 1/1 for Microsoft.VisualStudio.TestPlatform.CommandLine.Internal.ConsoleLogger., took 0 ms.
TpTrace Verbose: 0 : 23970, 5, 2025/05/08, 19:17:14.111, 333391709145208, vstest.console.dll, MulticastDelegateUtilities.SafeInvoke: TestRunMessageLoggerProxy.SendMessage: Invoking callback 1/1 for Microsoft.VisualStudio.TestPlatform.Common.Logging.InternalTestLoggerEvents., took 0 ms.
TpTrace Verbose: 0 : 23970, 4, 2025/05/08, 19:17:14.111, 333391709158541, vstest.console.dll, MulticastDelegateUtilities.SafeInvoke: InternalTestLoggerEvents.SendMessage: Invoking callback 1/1 for Microsoft.VisualStudio.TestPlatform.CommandLine.Internal.ConsoleLogger., took 0 ms.
TpTrace Verbose: 0 : 23970, 5, 2025/05/08, 19:17:14.184, 333391781661416, vstest.console.dll, TestHostManagerCallbacks.StandardOutputReceivedCallback Test host standard output line: info: Microsoft.EntityFrameworkCore.Update[30100]
TpTrace Verbose: 0 : 23970, 5, 2025/05/08, 19:17:14.184, 333391781750916, vstest.console.dll, MulticastDelegateUtilities.SafeInvoke: TestRunMessageLoggerProxy.SendMessage: Invoking callback 1/1 for Microsoft.VisualStudio.TestPlatform.Common.Logging.InternalTestLoggerEvents., took 0 ms.
TpTrace Verbose: 0 : 23970, 5, 2025/05/08, 19:17:14.184, 333391781766208, vstest.console.dll, TestHostManagerCallbacks.StandardOutputReceivedCallback Test host standard output line:       Saved 0 entities to in-memory store.
TpTrace Verbose: 0 : 23970, 4, 2025/05/08, 19:17:14.184, 333391781770875, vstest.console.dll, MulticastDelegateUtilities.SafeInvoke: InternalTestLoggerEvents.SendMessage: Invoking callback 1/1 for Microsoft.VisualStudio.TestPlatform.CommandLine.Internal.ConsoleLogger., took 0 ms.
TpTrace Verbose: 0 : 23970, 5, 2025/05/08, 19:17:14.184, 333391781775750, vstest.console.dll, MulticastDelegateUtilities.SafeInvoke: TestRunMessageLoggerProxy.SendMessage: Invoking callback 1/1 for Microsoft.VisualStudio.TestPlatform.Common.Logging.InternalTestLoggerEvents., took 0 ms.
TpTrace Verbose: 0 : 23970, 4, 2025/05/08, 19:17:14.184, 333391781808583, vstest.console.dll, MulticastDelegateUtilities.SafeInvoke: InternalTestLoggerEvents.SendMessage: Invoking callback 1/1 for Microsoft.VisualStudio.TestPlatform.CommandLine.Internal.ConsoleLogger., took 0 ms.
TpTrace Verbose: 0 : 23970, 5, 2025/05/08, 19:17:14.224, 333391821807125, vstest.console.dll, TestHostManagerCallbacks.StandardOutputReceivedCallback Test host standard output line: info: Microsoft.EntityFrameworkCore.Update[30100]
TpTrace Verbose: 0 : 23970, 5, 2025/05/08, 19:17:14.224, 333391821883208, vstest.console.dll, MulticastDelegateUtilities.SafeInvoke: TestRunMessageLoggerProxy.SendMessage: Invoking callback 1/1 for Microsoft.VisualStudio.TestPlatform.Common.Logging.InternalTestLoggerEvents., took 0 ms.
TpTrace Verbose: 0 : 23970, 5, 2025/05/08, 19:17:14.224, 333391821897250, vstest.console.dll, TestHostManagerCallbacks.StandardOutputReceivedCallback Test host standard output line:       Saved 641 entities to in-memory store.
TpTrace Verbose: 0 : 23970, 4, 2025/05/08, 19:17:14.224, 333391821901958, vstest.console.dll, MulticastDelegateUtilities.SafeInvoke: InternalTestLoggerEvents.SendMessage: Invoking callback 1/1 for Microsoft.VisualStudio.TestPlatform.CommandLine.Internal.ConsoleLogger., took 0 ms.
TpTrace Verbose: 0 : 23970, 5, 2025/05/08, 19:17:14.224, 333391821909041, vstest.console.dll, MulticastDelegateUtilities.SafeInvoke: TestRunMessageLoggerProxy.SendMessage: Invoking callback 1/1 for Microsoft.VisualStudio.TestPlatform.Common.Logging.InternalTestLoggerEvents., took 0 ms.
TpTrace Verbose: 0 : 23970, 4, 2025/05/08, 19:17:14.224, 333391821939708, vstest.console.dll, MulticastDelegateUtilities.SafeInvoke: InternalTestLoggerEvents.SendMessage: Invoking callback 1/1 for Microsoft.VisualStudio.TestPlatform.CommandLine.Internal.ConsoleLogger., took 0 ms.
TpTrace Verbose: 0 : 23970, 5, 2025/05/08, 19:17:14.292, 333391889723500, vstest.console.dll, TestHostManagerCallbacks.StandardOutputReceivedCallback Test host standard output line: warn: Microsoft.AspNetCore.HttpsPolicy.HttpsRedirectionMiddleware[3]
TpTrace Verbose: 0 : 23970, 5, 2025/05/08, 19:17:14.292, 333391889780625, vstest.console.dll, MulticastDelegateUtilities.SafeInvoke: TestRunMessageLoggerProxy.SendMessage: Invoking callback 1/1 for Microsoft.VisualStudio.TestPlatform.Common.Logging.InternalTestLoggerEvents., took 0 ms.
TpTrace Verbose: 0 : 23970, 5, 2025/05/08, 19:17:14.292, 333391889793833, vstest.console.dll, TestHostManagerCallbacks.StandardOutputReceivedCallback Test host standard output line:       Failed to determine the https port for redirect.
TpTrace Verbose: 0 : 23970, 4, 2025/05/08, 19:17:14.292, 333391889798916, vstest.console.dll, MulticastDelegateUtilities.SafeInvoke: InternalTestLoggerEvents.SendMessage: Invoking callback 1/1 for Microsoft.VisualStudio.TestPlatform.CommandLine.Internal.ConsoleLogger., took 0 ms.
TpTrace Verbose: 0 : 23970, 5, 2025/05/08, 19:17:14.292, 333391889807125, vstest.console.dll, MulticastDelegateUtilities.SafeInvoke: TestRunMessageLoggerProxy.SendMessage: Invoking callback 1/1 for Microsoft.VisualStudio.TestPlatform.Common.Logging.InternalTestLoggerEvents., took 0 ms.
TpTrace Verbose: 0 : 23970, 4, 2025/05/08, 19:17:14.292, 333391889828291, vstest.console.dll, MulticastDelegateUtilities.SafeInvoke: InternalTestLoggerEvents.SendMessage: Invoking callback 1/1 for Microsoft.VisualStudio.TestPlatform.CommandLine.Internal.ConsoleLogger., took 0 ms.
TpTrace Verbose: 0 : 23970, 5, 2025/05/08, 19:17:14.442, 333392039822250, vstest.console.dll, TestHostManagerCallbacks.StandardOutputReceivedCallback Test host standard output line: info: Microsoft.EntityFrameworkCore.Update[30100]
TpTrace Verbose: 0 : 23970, 5, 2025/05/08, 19:17:14.442, 333392039917500, vstest.console.dll, MulticastDelegateUtilities.SafeInvoke: TestRunMessageLoggerProxy.SendMessage: Invoking callback 1/1 for Microsoft.VisualStudio.TestPlatform.Common.Logging.InternalTestLoggerEvents., took 0 ms.
TpTrace Verbose: 0 : 23970, 5, 2025/05/08, 19:17:14.442, 333392039934458, vstest.console.dll, TestHostManagerCallbacks.StandardOutputReceivedCallback Test host standard output line:       Saved 7 entities to in-memory store.
TpTrace Verbose: 0 : 23970, 4, 2025/05/08, 19:17:14.442, 333392039950291, vstest.console.dll, MulticastDelegateUtilities.SafeInvoke: InternalTestLoggerEvents.SendMessage: Invoking callback 1/1 for Microsoft.VisualStudio.TestPlatform.CommandLine.Internal.ConsoleLogger., took 0 ms.
TpTrace Verbose: 0 : 23970, 5, 2025/05/08, 19:17:14.442, 333392039959458, vstest.console.dll, MulticastDelegateUtilities.SafeInvoke: TestRunMessageLoggerProxy.SendMessage: Invoking callback 1/1 for Microsoft.VisualStudio.TestPlatform.Common.Logging.InternalTestLoggerEvents., took 0 ms.
TpTrace Verbose: 0 : 23970, 4, 2025/05/08, 19:17:14.442, 333392039978583, vstest.console.dll, MulticastDelegateUtilities.SafeInvoke: InternalTestLoggerEvents.SendMessage: Invoking callback 1/1 for Microsoft.VisualStudio.TestPlatform.CommandLine.Internal.ConsoleLogger., took 0 ms.
TpTrace Verbose: 0 : 23970, 5, 2025/05/08, 19:17:14.452, 333392049267916, vstest.console.dll, TestHostManagerCallbacks.StandardOutputReceivedCallback Test host standard output line: info: Microsoft.EntityFrameworkCore.Update[30100]
TpTrace Verbose: 0 : 23970, 5, 2025/05/08, 19:17:14.452, 333392049313875, vstest.console.dll, MulticastDelegateUtilities.SafeInvoke: TestRunMessageLoggerProxy.SendMessage: Invoking callback 1/1 for Microsoft.VisualStudio.TestPlatform.Common.Logging.InternalTestLoggerEvents., took 0 ms.
TpTrace Verbose: 0 : 23970, 4, 2025/05/08, 19:17:14.452, 333392049326666, vstest.console.dll, MulticastDelegateUtilities.SafeInvoke: InternalTestLoggerEvents.SendMessage: Invoking callback 1/1 for Microsoft.VisualStudio.TestPlatform.CommandLine.Internal.ConsoleLogger., took 0 ms.
TpTrace Verbose: 0 : 23970, 5, 2025/05/08, 19:17:14.452, 333392049335750, vstest.console.dll, TestHostManagerCallbacks.StandardOutputReceivedCallback Test host standard output line:       Saved 0 entities to in-memory store.
TpTrace Verbose: 0 : 23970, 5, 2025/05/08, 19:17:14.452, 333392049355458, vstest.console.dll, MulticastDelegateUtilities.SafeInvoke: TestRunMessageLoggerProxy.SendMessage: Invoking callback 1/1 for Microsoft.VisualStudio.TestPlatform.Common.Logging.InternalTestLoggerEvents., took 0 ms.
TpTrace Verbose: 0 : 23970, 4, 2025/05/08, 19:17:14.452, 333392049371875, vstest.console.dll, MulticastDelegateUtilities.SafeInvoke: InternalTestLoggerEvents.SendMessage: Invoking callback 1/1 for Microsoft.VisualStudio.TestPlatform.CommandLine.Internal.ConsoleLogger., took 0 ms.
TpTrace Verbose: 0 : 23970, 5, 2025/05/08, 19:17:14.490, 333392087677875, vstest.console.dll, TestHostManagerCallbacks.StandardOutputReceivedCallback Test host standard output line: info: Microsoft.EntityFrameworkCore.Update[30100]
TpTrace Verbose: 0 : 23970, 5, 2025/05/08, 19:17:14.490, 333392087712333, vstest.console.dll, MulticastDelegateUtilities.SafeInvoke: TestRunMessageLoggerProxy.SendMessage: Invoking callback 1/1 for Microsoft.VisualStudio.TestPlatform.Common.Logging.InternalTestLoggerEvents., took 0 ms.
TpTrace Verbose: 0 : 23970, 5, 2025/05/08, 19:17:14.490, 333392087724000, vstest.console.dll, TestHostManagerCallbacks.StandardOutputReceivedCallback Test host standard output line:       Saved 641 entities to in-memory store.
TpTrace Verbose: 0 : 23970, 4, 2025/05/08, 19:17:14.490, 333392087725166, vstest.console.dll, MulticastDelegateUtilities.SafeInvoke: InternalTestLoggerEvents.SendMessage: Invoking callback 1/1 for Microsoft.VisualStudio.TestPlatform.CommandLine.Internal.ConsoleLogger., took 0 ms.
TpTrace Verbose: 0 : 23970, 5, 2025/05/08, 19:17:14.490, 333392087752541, vstest.console.dll, MulticastDelegateUtilities.SafeInvoke: TestRunMessageLoggerProxy.SendMessage: Invoking callback 1/1 for Microsoft.VisualStudio.TestPlatform.Common.Logging.InternalTestLoggerEvents., took 0 ms.
TpTrace Verbose: 0 : 23970, 4, 2025/05/08, 19:17:14.490, 333392087770500, vstest.console.dll, MulticastDelegateUtilities.SafeInvoke: InternalTestLoggerEvents.SendMessage: Invoking callback 1/1 for Microsoft.VisualStudio.TestPlatform.CommandLine.Internal.ConsoleLogger., took 0 ms.
TpTrace Verbose: 0 : 23970, 5, 2025/05/08, 19:17:14.546, 333392143931708, vstest.console.dll, TestHostManagerCallbacks.StandardOutputReceivedCallback Test host standard output line: info: Microsoft.EntityFrameworkCore.Update[30100]
TpTrace Verbose: 0 : 23970, 5, 2025/05/08, 19:17:14.547, 333392144362708, vstest.console.dll, MulticastDelegateUtilities.SafeInvoke: TestRunMessageLoggerProxy.SendMessage: Invoking callback 1/1 for Microsoft.VisualStudio.TestPlatform.Common.Logging.InternalTestLoggerEvents., took 0 ms.
TpTrace Verbose: 0 : 23970, 5, 2025/05/08, 19:17:14.547, 333392144401083, vstest.console.dll, TestHostManagerCallbacks.StandardOutputReceivedCallback Test host standard output line:       Saved 0 entities to in-memory store.
TpTrace Verbose: 0 : 23970, 5, 2025/05/08, 19:17:14.547, 333392144424833, vstest.console.dll, MulticastDelegateUtilities.SafeInvoke: TestRunMessageLoggerProxy.SendMessage: Invoking callback 1/1 for Microsoft.VisualStudio.TestPlatform.Common.Logging.InternalTestLoggerEvents., took 0 ms.
TpTrace Verbose: 0 : 23970, 4, 2025/05/08, 19:17:14.547, 333392144639500, vstest.console.dll, MulticastDelegateUtilities.SafeInvoke: InternalTestLoggerEvents.SendMessage: Invoking callback 1/1 for Microsoft.VisualStudio.TestPlatform.CommandLine.Internal.ConsoleLogger., took 0 ms.
TpTrace Verbose: 0 : 23970, 4, 2025/05/08, 19:17:14.547, 333392144657666, vstest.console.dll, MulticastDelegateUtilities.SafeInvoke: InternalTestLoggerEvents.SendMessage: Invoking callback 1/1 for Microsoft.VisualStudio.TestPlatform.CommandLine.Internal.ConsoleLogger., took 0 ms.
TpTrace Verbose: 0 : 23970, 11, 2025/05/08, 19:17:14.587, 333392184720208, vstest.console.dll, TestHostManagerCallbacks.StandardOutputReceivedCallback Test host standard output line: info: Microsoft.EntityFrameworkCore.Update[30100]
TpTrace Verbose: 0 : 23970, 11, 2025/05/08, 19:17:14.587, 333392184960125, vstest.console.dll, MulticastDelegateUtilities.SafeInvoke: TestRunMessageLoggerProxy.SendMessage: Invoking callback 1/1 for Microsoft.VisualStudio.TestPlatform.Common.Logging.InternalTestLoggerEvents., took 0 ms.
TpTrace Verbose: 0 : 23970, 11, 2025/05/08, 19:17:14.587, 333392185016291, vstest.console.dll, TestHostManagerCallbacks.StandardOutputReceivedCallback Test host standard output line:       Saved 641 entities to in-memory store.
TpTrace Verbose: 0 : 23970, 11, 2025/05/08, 19:17:14.587, 333392185045083, vstest.console.dll, MulticastDelegateUtilities.SafeInvoke: TestRunMessageLoggerProxy.SendMessage: Invoking callback 1/1 for Microsoft.VisualStudio.TestPlatform.Common.Logging.InternalTestLoggerEvents., took 0 ms.
TpTrace Verbose: 0 : 23970, 4, 2025/05/08, 19:17:14.587, 333392185075458, vstest.console.dll, MulticastDelegateUtilities.SafeInvoke: InternalTestLoggerEvents.SendMessage: Invoking callback 1/1 for Microsoft.VisualStudio.TestPlatform.CommandLine.Internal.ConsoleLogger., took 0 ms.
TpTrace Verbose: 0 : 23970, 4, 2025/05/08, 19:17:14.587, 333392185147875, vstest.console.dll, MulticastDelegateUtilities.SafeInvoke: InternalTestLoggerEvents.SendMessage: Invoking callback 1/1 for Microsoft.VisualStudio.TestPlatform.CommandLine.Internal.ConsoleLogger., took 0 ms.
TpTrace Verbose: 0 : 23970, 7, 2025/05/08, 19:17:14.607, 333392205014166, vstest.console.dll, TcpClientExtensions.MessageLoopAsync: Polling on remoteEndPoint: 127.0.0.1:59056 localEndPoint: 127.0.0.1:59055 after 1001 ms
TpTrace Verbose: 0 : 23970, 11, 2025/05/08, 19:17:14.613, 333392211159416, vstest.console.dll, TestHostManagerCallbacks.StandardOutputReceivedCallback Test host standard output line: info: Microsoft.EntityFrameworkCore.Update[30100]
TpTrace Verbose: 0 : 23970, 11, 2025/05/08, 19:17:14.614, 333392211271625, vstest.console.dll, MulticastDelegateUtilities.SafeInvoke: TestRunMessageLoggerProxy.SendMessage: Invoking callback 1/1 for Microsoft.VisualStudio.TestPlatform.Common.Logging.InternalTestLoggerEvents., took 0 ms.
TpTrace Verbose: 0 : 23970, 4, 2025/05/08, 19:17:14.614, 333392211289708, vstest.console.dll, MulticastDelegateUtilities.SafeInvoke: InternalTestLoggerEvents.SendMessage: Invoking callback 1/1 for Microsoft.VisualStudio.TestPlatform.CommandLine.Internal.ConsoleLogger., took 0 ms.
TpTrace Verbose: 0 : 23970, 11, 2025/05/08, 19:17:14.614, 333392211292458, vstest.console.dll, TestHostManagerCallbacks.StandardOutputReceivedCallback Test host standard output line:       Saved 0 entities to in-memory store.
TpTrace Verbose: 0 : 23970, 11, 2025/05/08, 19:17:14.614, 333392211359666, vstest.console.dll, MulticastDelegateUtilities.SafeInvoke: TestRunMessageLoggerProxy.SendMessage: Invoking callback 1/1 for Microsoft.VisualStudio.TestPlatform.Common.Logging.InternalTestLoggerEvents., took 0 ms.
TpTrace Verbose: 0 : 23970, 4, 2025/05/08, 19:17:14.614, 333392211365458, vstest.console.dll, MulticastDelegateUtilities.SafeInvoke: InternalTestLoggerEvents.SendMessage: Invoking callback 1/1 for Microsoft.VisualStudio.TestPlatform.CommandLine.Internal.ConsoleLogger., took 0 ms.
TpTrace Verbose: 0 : 23970, 11, 2025/05/08, 19:17:14.657, 333392254631208, vstest.console.dll, TestHostManagerCallbacks.StandardOutputReceivedCallback Test host standard output line: info: Microsoft.EntityFrameworkCore.Update[30100]
TpTrace Verbose: 0 : 23970, 11, 2025/05/08, 19:17:14.657, 333392254700916, vstest.console.dll, MulticastDelegateUtilities.SafeInvoke: TestRunMessageLoggerProxy.SendMessage: Invoking callback 1/1 for Microsoft.VisualStudio.TestPlatform.Common.Logging.InternalTestLoggerEvents., took 0 ms.
TpTrace Verbose: 0 : 23970, 11, 2025/05/08, 19:17:14.657, 333392254714916, vstest.console.dll, TestHostManagerCallbacks.StandardOutputReceivedCallback Test host standard output line:       Saved 641 entities to in-memory store.
TpTrace Verbose: 0 : 23970, 4, 2025/05/08, 19:17:14.657, 333392254713583, vstest.console.dll, MulticastDelegateUtilities.SafeInvoke: InternalTestLoggerEvents.SendMessage: Invoking callback 1/1 for Microsoft.VisualStudio.TestPlatform.CommandLine.Internal.ConsoleLogger., took 0 ms.
TpTrace Verbose: 0 : 23970, 11, 2025/05/08, 19:17:14.657, 333392254724833, vstest.console.dll, MulticastDelegateUtilities.SafeInvoke: TestRunMessageLoggerProxy.SendMessage: Invoking callback 1/1 for Microsoft.VisualStudio.TestPlatform.Common.Logging.InternalTestLoggerEvents., took 0 ms.
TpTrace Verbose: 0 : 23970, 4, 2025/05/08, 19:17:14.657, 333392254744583, vstest.console.dll, MulticastDelegateUtilities.SafeInvoke: InternalTestLoggerEvents.SendMessage: Invoking callback 1/1 for Microsoft.VisualStudio.TestPlatform.CommandLine.Internal.ConsoleLogger., took 0 ms.
TpTrace Verbose: 0 : 23970, 11, 2025/05/08, 19:17:14.660, 333392257658250, vstest.console.dll, TestHostManagerCallbacks.StandardOutputReceivedCallback Test host standard output line: warn: Microsoft.AspNetCore.HttpsPolicy.HttpsRedirectionMiddleware[3]
TpTrace Verbose: 0 : 23970, 11, 2025/05/08, 19:17:14.660, 333392257689000, vstest.console.dll, MulticastDelegateUtilities.SafeInvoke: TestRunMessageLoggerProxy.SendMessage: Invoking callback 1/1 for Microsoft.VisualStudio.TestPlatform.Common.Logging.InternalTestLoggerEvents., took 0 ms.
TpTrace Verbose: 0 : 23970, 11, 2025/05/08, 19:17:14.660, 333392257697041, vstest.console.dll, TestHostManagerCallbacks.StandardOutputReceivedCallback Test host standard output line:       Failed to determine the https port for redirect.
TpTrace Verbose: 0 : 23970, 4, 2025/05/08, 19:17:14.660, 333392257696500, vstest.console.dll, MulticastDelegateUtilities.SafeInvoke: InternalTestLoggerEvents.SendMessage: Invoking callback 1/1 for Microsoft.VisualStudio.TestPlatform.CommandLine.Internal.ConsoleLogger., took 0 ms.
TpTrace Verbose: 0 : 23970, 11, 2025/05/08, 19:17:14.660, 333392257706791, vstest.console.dll, MulticastDelegateUtilities.SafeInvoke: TestRunMessageLoggerProxy.SendMessage: Invoking callback 1/1 for Microsoft.VisualStudio.TestPlatform.Common.Logging.InternalTestLoggerEvents., took 0 ms.
TpTrace Verbose: 0 : 23970, 4, 2025/05/08, 19:17:14.660, 333392257715458, vstest.console.dll, MulticastDelegateUtilities.SafeInvoke: InternalTestLoggerEvents.SendMessage: Invoking callback 1/1 for Microsoft.VisualStudio.TestPlatform.CommandLine.Internal.ConsoleLogger., took 0 ms.
TpTrace Verbose: 0 : 23970, 11, 2025/05/08, 19:17:14.729, 333392326801708, vstest.console.dll, TestHostManagerCallbacks.StandardOutputReceivedCallback Test host standard output line: info: Microsoft.EntityFrameworkCore.Update[30100]
TpTrace Verbose: 0 : 23970, 11, 2025/05/08, 19:17:14.729, 333392326870625, vstest.console.dll, MulticastDelegateUtilities.SafeInvoke: TestRunMessageLoggerProxy.SendMessage: Invoking callback 1/1 for Microsoft.VisualStudio.TestPlatform.Common.Logging.InternalTestLoggerEvents., took 0 ms.
TpTrace Verbose: 0 : 23970, 11, 2025/05/08, 19:17:14.729, 333392326884875, vstest.console.dll, TestHostManagerCallbacks.StandardOutputReceivedCallback Test host standard output line:       Saved 0 entities to in-memory store.
TpTrace Verbose: 0 : 23970, 4, 2025/05/08, 19:17:14.729, 333392326885500, vstest.console.dll, MulticastDelegateUtilities.SafeInvoke: InternalTestLoggerEvents.SendMessage: Invoking callback 1/1 for Microsoft.VisualStudio.TestPlatform.CommandLine.Internal.ConsoleLogger., took 0 ms.
TpTrace Verbose: 0 : 23970, 11, 2025/05/08, 19:17:14.729, 333392326893416, vstest.console.dll, MulticastDelegateUtilities.SafeInvoke: TestRunMessageLoggerProxy.SendMessage: Invoking callback 1/1 for Microsoft.VisualStudio.TestPlatform.Common.Logging.InternalTestLoggerEvents., took 0 ms.
TpTrace Verbose: 0 : 23970, 4, 2025/05/08, 19:17:14.729, 333392326914250, vstest.console.dll, MulticastDelegateUtilities.SafeInvoke: InternalTestLoggerEvents.SendMessage: Invoking callback 1/1 for Microsoft.VisualStudio.TestPlatform.CommandLine.Internal.ConsoleLogger., took 0 ms.
TpTrace Verbose: 0 : 23970, 11, 2025/05/08, 19:17:14.769, 333392366368750, vstest.console.dll, TestHostManagerCallbacks.StandardOutputReceivedCallback Test host standard output line: info: Microsoft.EntityFrameworkCore.Update[30100]
TpTrace Verbose: 0 : 23970, 11, 2025/05/08, 19:17:14.769, 333392366409750, vstest.console.dll, MulticastDelegateUtilities.SafeInvoke: TestRunMessageLoggerProxy.SendMessage: Invoking callback 1/1 for Microsoft.VisualStudio.TestPlatform.Common.Logging.InternalTestLoggerEvents., took 0 ms.
TpTrace Verbose: 0 : 23970, 4, 2025/05/08, 19:17:14.769, 333392366418458, vstest.console.dll, MulticastDelegateUtilities.SafeInvoke: InternalTestLoggerEvents.SendMessage: Invoking callback 1/1 for Microsoft.VisualStudio.TestPlatform.CommandLine.Internal.ConsoleLogger., took 0 ms.
TpTrace Verbose: 0 : 23970, 11, 2025/05/08, 19:17:14.769, 333392366420000, vstest.console.dll, TestHostManagerCallbacks.StandardOutputReceivedCallback Test host standard output line:       Saved 641 entities to in-memory store.
TpTrace Verbose: 0 : 23970, 11, 2025/05/08, 19:17:14.769, 333392366451291, vstest.console.dll, MulticastDelegateUtilities.SafeInvoke: TestRunMessageLoggerProxy.SendMessage: Invoking callback 1/1 for Microsoft.VisualStudio.TestPlatform.Common.Logging.InternalTestLoggerEvents., took 0 ms.
TpTrace Verbose: 0 : 23970, 4, 2025/05/08, 19:17:14.769, 333392366455375, vstest.console.dll, MulticastDelegateUtilities.SafeInvoke: InternalTestLoggerEvents.SendMessage: Invoking callback 1/1 for Microsoft.VisualStudio.TestPlatform.CommandLine.Internal.ConsoleLogger., took 0 ms.
TpTrace Verbose: 0 : 23970, 11, 2025/05/08, 19:17:14.814, 333392412078625, vstest.console.dll, TestHostManagerCallbacks.StandardOutputReceivedCallback Test host standard output line: info: Microsoft.EntityFrameworkCore.Update[30100]
TpTrace Verbose: 0 : 23970, 11, 2025/05/08, 19:17:14.814, 333392412120666, vstest.console.dll, MulticastDelegateUtilities.SafeInvoke: TestRunMessageLoggerProxy.SendMessage: Invoking callback 1/1 for Microsoft.VisualStudio.TestPlatform.Common.Logging.InternalTestLoggerEvents., took 0 ms.
TpTrace Verbose: 0 : 23970, 11, 2025/05/08, 19:17:14.814, 333392412128916, vstest.console.dll, TestHostManagerCallbacks.StandardOutputReceivedCallback Test host standard output line:       Saved 0 entities to in-memory store.
TpTrace Verbose: 0 : 23970, 4, 2025/05/08, 19:17:14.814, 333392412131416, vstest.console.dll, MulticastDelegateUtilities.SafeInvoke: InternalTestLoggerEvents.SendMessage: Invoking callback 1/1 for Microsoft.VisualStudio.TestPlatform.CommandLine.Internal.ConsoleLogger., took 0 ms.
TpTrace Verbose: 0 : 23970, 11, 2025/05/08, 19:17:14.814, 333392412141083, vstest.console.dll, MulticastDelegateUtilities.SafeInvoke: TestRunMessageLoggerProxy.SendMessage: Invoking callback 1/1 for Microsoft.VisualStudio.TestPlatform.Common.Logging.InternalTestLoggerEvents., took 0 ms.
TpTrace Verbose: 0 : 23970, 4, 2025/05/08, 19:17:14.814, 333392412144625, vstest.console.dll, MulticastDelegateUtilities.SafeInvoke: InternalTestLoggerEvents.SendMessage: Invoking callback 1/1 for Microsoft.VisualStudio.TestPlatform.CommandLine.Internal.ConsoleLogger., took 0 ms.
TpTrace Verbose: 0 : 23970, 11, 2025/05/08, 19:17:14.860, 333392457816166, vstest.console.dll, TestHostManagerCallbacks.StandardOutputReceivedCallback Test host standard output line: info: Microsoft.EntityFrameworkCore.Update[30100]
TpTrace Verbose: 0 : 23970, 11, 2025/05/08, 19:17:14.860, 333392457854250, vstest.console.dll, MulticastDelegateUtilities.SafeInvoke: TestRunMessageLoggerProxy.SendMessage: Invoking callback 1/1 for Microsoft.VisualStudio.TestPlatform.Common.Logging.InternalTestLoggerEvents., took 0 ms.
TpTrace Verbose: 0 : 23970, 11, 2025/05/08, 19:17:14.860, 333392457863375, vstest.console.dll, TestHostManagerCallbacks.StandardOutputReceivedCallback Test host standard output line:       Saved 641 entities to in-memory store.
TpTrace Verbose: 0 : 23970, 4, 2025/05/08, 19:17:14.860, 333392457867041, vstest.console.dll, MulticastDelegateUtilities.SafeInvoke: InternalTestLoggerEvents.SendMessage: Invoking callback 1/1 for Microsoft.VisualStudio.TestPlatform.CommandLine.Internal.ConsoleLogger., took 0 ms.
TpTrace Verbose: 0 : 23970, 11, 2025/05/08, 19:17:14.860, 333392457877000, vstest.console.dll, MulticastDelegateUtilities.SafeInvoke: TestRunMessageLoggerProxy.SendMessage: Invoking callback 1/1 for Microsoft.VisualStudio.TestPlatform.Common.Logging.InternalTestLoggerEvents., took 0 ms.
TpTrace Verbose: 0 : 23970, 4, 2025/05/08, 19:17:14.860, 333392457885875, vstest.console.dll, MulticastDelegateUtilities.SafeInvoke: InternalTestLoggerEvents.SendMessage: Invoking callback 1/1 for Microsoft.VisualStudio.TestPlatform.CommandLine.Internal.ConsoleLogger., took 0 ms.
TpTrace Verbose: 0 : 23970, 11, 2025/05/08, 19:17:14.876, 333392474019458, vstest.console.dll, TestHostManagerCallbacks.StandardOutputReceivedCallback Test host standard output line: info: Microsoft.EntityFrameworkCore.Update[30100]
TpTrace Verbose: 0 : 23970, 11, 2025/05/08, 19:17:14.876, 333392474055166, vstest.console.dll, MulticastDelegateUtilities.SafeInvoke: TestRunMessageLoggerProxy.SendMessage: Invoking callback 1/1 for Microsoft.VisualStudio.TestPlatform.Common.Logging.InternalTestLoggerEvents., took 0 ms.
TpTrace Verbose: 0 : 23970, 11, 2025/05/08, 19:17:14.876, 333392474064166, vstest.console.dll, TestHostManagerCallbacks.StandardOutputReceivedCallback Test host standard output line:       Saved 0 entities to in-memory store.
TpTrace Verbose: 0 : 23970, 4, 2025/05/08, 19:17:14.876, 333392474066708, vstest.console.dll, MulticastDelegateUtilities.SafeInvoke: InternalTestLoggerEvents.SendMessage: Invoking callback 1/1 for Microsoft.VisualStudio.TestPlatform.CommandLine.Internal.ConsoleLogger., took 0 ms.
TpTrace Verbose: 0 : 23970, 11, 2025/05/08, 19:17:14.876, 333392474073250, vstest.console.dll, MulticastDelegateUtilities.SafeInvoke: TestRunMessageLoggerProxy.SendMessage: Invoking callback 1/1 for Microsoft.VisualStudio.TestPlatform.Common.Logging.InternalTestLoggerEvents., took 0 ms.
TpTrace Verbose: 0 : 23970, 4, 2025/05/08, 19:17:14.876, 333392474090208, vstest.console.dll, MulticastDelegateUtilities.SafeInvoke: InternalTestLoggerEvents.SendMessage: Invoking callback 1/1 for Microsoft.VisualStudio.TestPlatform.CommandLine.Internal.ConsoleLogger., took 0 ms.
TpTrace Verbose: 0 : 23970, 11, 2025/05/08, 19:17:14.920, 333392517322583, vstest.console.dll, TestHostManagerCallbacks.StandardOutputReceivedCallback Test host standard output line: info: Microsoft.EntityFrameworkCore.Update[30100]
TpTrace Verbose: 0 : 23970, 11, 2025/05/08, 19:17:14.920, 333392517410791, vstest.console.dll, MulticastDelegateUtilities.SafeInvoke: TestRunMessageLoggerProxy.SendMessage: Invoking callback 1/1 for Microsoft.VisualStudio.TestPlatform.Common.Logging.InternalTestLoggerEvents., took 0 ms.
TpTrace Verbose: 0 : 23970, 4, 2025/05/08, 19:17:14.920, 333392517427666, vstest.console.dll, MulticastDelegateUtilities.SafeInvoke: InternalTestLoggerEvents.SendMessage: Invoking callback 1/1 for Microsoft.VisualStudio.TestPlatform.CommandLine.Internal.ConsoleLogger., took 0 ms.
TpTrace Verbose: 0 : 23970, 11, 2025/05/08, 19:17:14.920, 333392517428208, vstest.console.dll, TestHostManagerCallbacks.StandardOutputReceivedCallback Test host standard output line:       Saved 641 entities to in-memory store.
TpTrace Verbose: 0 : 23970, 11, 2025/05/08, 19:17:14.920, 333392517465125, vstest.console.dll, MulticastDelegateUtilities.SafeInvoke: TestRunMessageLoggerProxy.SendMessage: Invoking callback 1/1 for Microsoft.VisualStudio.TestPlatform.Common.Logging.InternalTestLoggerEvents., took 0 ms.
TpTrace Verbose: 0 : 23970, 4, 2025/05/08, 19:17:14.920, 333392517477416, vstest.console.dll, MulticastDelegateUtilities.SafeInvoke: InternalTestLoggerEvents.SendMessage: Invoking callback 1/1 for Microsoft.VisualStudio.TestPlatform.CommandLine.Internal.ConsoleLogger., took 0 ms.
TpTrace Verbose: 0 : 23970, 11, 2025/05/08, 19:17:14.921, 333392518770333, vstest.console.dll, TestHostManagerCallbacks.StandardOutputReceivedCallback Test host standard output line: warn: Microsoft.AspNetCore.HttpsPolicy.HttpsRedirectionMiddleware[3]
TpTrace Verbose: 0 : 23970, 11, 2025/05/08, 19:17:14.921, 333392518788791, vstest.console.dll, MulticastDelegateUtilities.SafeInvoke: TestRunMessageLoggerProxy.SendMessage: Invoking callback 1/1 for Microsoft.VisualStudio.TestPlatform.Common.Logging.InternalTestLoggerEvents., took 0 ms.
TpTrace Verbose: 0 : 23970, 11, 2025/05/08, 19:17:14.921, 333392518801000, vstest.console.dll, TestHostManagerCallbacks.StandardOutputReceivedCallback Test host standard output line:       Failed to determine the https port for redirect.
TpTrace Verbose: 0 : 23970, 11, 2025/05/08, 19:17:14.921, 333392518813208, vstest.console.dll, MulticastDelegateUtilities.SafeInvoke: TestRunMessageLoggerProxy.SendMessage: Invoking callback 1/1 for Microsoft.VisualStudio.TestPlatform.Common.Logging.InternalTestLoggerEvents., took 0 ms.
TpTrace Verbose: 0 : 23970, 4, 2025/05/08, 19:17:14.921, 333392518849958, vstest.console.dll, MulticastDelegateUtilities.SafeInvoke: InternalTestLoggerEvents.SendMessage: Invoking callback 1/1 for Microsoft.VisualStudio.TestPlatform.CommandLine.Internal.ConsoleLogger., took 0 ms.
TpTrace Verbose: 0 : 23970, 4, 2025/05/08, 19:17:14.921, 333392518891875, vstest.console.dll, MulticastDelegateUtilities.SafeInvoke: InternalTestLoggerEvents.SendMessage: Invoking callback 1/1 for Microsoft.VisualStudio.TestPlatform.CommandLine.Internal.ConsoleLogger., took 0 ms.
TpTrace Verbose: 0 : 23970, 12, 2025/05/08, 19:17:14.979, 333392576830583, vstest.console.dll, TestHostManagerCallbacks.StandardOutputReceivedCallback Test host standard output line: info: Microsoft.EntityFrameworkCore.Update[30100]
TpTrace Verbose: 0 : 23970, 12, 2025/05/08, 19:17:14.979, 333392576865791, vstest.console.dll, MulticastDelegateUtilities.SafeInvoke: TestRunMessageLoggerProxy.SendMessage: Invoking callback 1/1 for Microsoft.VisualStudio.TestPlatform.Common.Logging.InternalTestLoggerEvents., took 0 ms.
TpTrace Verbose: 0 : 23970, 12, 2025/05/08, 19:17:14.979, 333392576877750, vstest.console.dll, TestHostManagerCallbacks.StandardOutputReceivedCallback Test host standard output line:       Saved 0 entities to in-memory store.
TpTrace Verbose: 0 : 23970, 4, 2025/05/08, 19:17:14.979, 333392576877375, vstest.console.dll, MulticastDelegateUtilities.SafeInvoke: InternalTestLoggerEvents.SendMessage: Invoking callback 1/1 for Microsoft.VisualStudio.TestPlatform.CommandLine.Internal.ConsoleLogger., took 0 ms.
TpTrace Verbose: 0 : 23970, 12, 2025/05/08, 19:17:14.979, 333392576890208, vstest.console.dll, MulticastDelegateUtilities.SafeInvoke: TestRunMessageLoggerProxy.SendMessage: Invoking callback 1/1 for Microsoft.VisualStudio.TestPlatform.Common.Logging.InternalTestLoggerEvents., took 0 ms.
TpTrace Verbose: 0 : 23970, 4, 2025/05/08, 19:17:14.979, 333392576903541, vstest.console.dll, MulticastDelegateUtilities.SafeInvoke: InternalTestLoggerEvents.SendMessage: Invoking callback 1/1 for Microsoft.VisualStudio.TestPlatform.CommandLine.Internal.ConsoleLogger., took 0 ms.
TpTrace Verbose: 0 : 23970, 12, 2025/05/08, 19:17:15.015, 333392612904833, vstest.console.dll, TestHostManagerCallbacks.StandardOutputReceivedCallback Test host standard output line: info: Microsoft.EntityFrameworkCore.Update[30100]
TpTrace Verbose: 0 : 23970, 12, 2025/05/08, 19:17:15.015, 333392612926500, vstest.console.dll, MulticastDelegateUtilities.SafeInvoke: TestRunMessageLoggerProxy.SendMessage: Invoking callback 1/1 for Microsoft.VisualStudio.TestPlatform.Common.Logging.InternalTestLoggerEvents., took 0 ms.
TpTrace Verbose: 0 : 23970, 4, 2025/05/08, 19:17:15.015, 333392612933791, vstest.console.dll, MulticastDelegateUtilities.SafeInvoke: InternalTestLoggerEvents.SendMessage: Invoking callback 1/1 for Microsoft.VisualStudio.TestPlatform.CommandLine.Internal.ConsoleLogger., took 0 ms.
TpTrace Verbose: 0 : 23970, 12, 2025/05/08, 19:17:15.015, 333392612936041, vstest.console.dll, TestHostManagerCallbacks.StandardOutputReceivedCallback Test host standard output line:       Saved 641 entities to in-memory store.
TpTrace Verbose: 0 : 23970, 12, 2025/05/08, 19:17:15.015, 333392612958791, vstest.console.dll, MulticastDelegateUtilities.SafeInvoke: TestRunMessageLoggerProxy.SendMessage: Invoking callback 1/1 for Microsoft.VisualStudio.TestPlatform.Common.Logging.InternalTestLoggerEvents., took 0 ms.
TpTrace Verbose: 0 : 23970, 4, 2025/05/08, 19:17:15.015, 333392612971083, vstest.console.dll, MulticastDelegateUtilities.SafeInvoke: InternalTestLoggerEvents.SendMessage: Invoking callback 1/1 for Microsoft.VisualStudio.TestPlatform.CommandLine.Internal.ConsoleLogger., took 0 ms.
TpTrace Verbose: 0 : 23970, 7, 2025/05/08, 19:17:15.038, 333392635387708, vstest.console.dll, TcpClientExtensions.MessageLoopAsync: NotifyDataAvailable remoteEndPoint: 127.0.0.1:59056 localEndPoint: 127.0.0.1:59055
TpTrace Verbose: 0 : 23970, 7, 2025/05/08, 19:17:15.038, 333392635492333, vstest.console.dll, TestRequestSender.OnExecutionMessageReceived: Received message: {"Version":7,"MessageType":"TestExecution.StatsChange","Payload":{"NewTestResults":[{"TestCase":{"Id":"3f208d21-7f1a-eeef-c5e7-db1f4a6a8546","FullyQualifiedName":"TestExamIS.Tests.ControllersTests.FlightsControllerTests.Delete_ValidFlight_ShouldRedirectToIndex","DisplayName":"TestExamIS.Tests.ControllersTests.FlightsControllerTests.Delete_ValidFlight_ShouldRedirectToIndex","ExecutorUri":"executor://xunit/VsTestRunner2/netcoreapp","Source":"/Users/david.arsov/Downloads/FlightsApplication/TestExamIS.Tests/bin/Debug/net8.0/TestExamIS.Tests.dll","CodeFilePath":null,"LineNumber":0,"Properties":[]},"Attachments":[],"Outcome":1,"ErrorMessage":null,"ErrorStackTrace":null,"DisplayName":"TestExamIS.Tests.ControllersTests.FlightsControllerTests.Delete_ValidFlight_ShouldRedirectToIndex","Messages":[],"ComputerName":"sorsixs-MacBook-Pro-2","Duration":"00:00:00.7826297","StartTime":"2025-05-08T17:17:14.492387+00:00","EndTime":"2025-05-08T17:17:14.492395+00:00","Properties":[]},{"TestCase":{"Id":"79f3d7ea-cdbd-98d3-0792-d5fa72115ab1","FullyQualifiedName":"TestExamIS.Tests.ControllersTests.FlightsControllerTests.Edit_InvalidFlightNumber_ShouldReturnView","DisplayName":"TestExamIS.Tests.ControllersTests.FlightsControllerTests.Edit_InvalidFlightNumber_ShouldReturnView","ExecutorUri":"executor://xunit/VsTestRunner2/netcoreapp","Source":"/Users/david.arsov/Downloads/FlightsApplication/TestExamIS.Tests/bin/Debug/net8.0/TestExamIS.Tests.dll","CodeFilePath":null,"LineNumber":0,"Properties":[]},"Attachments":[],"Outcome":1,"ErrorMessage":null,"ErrorStackTrace":null,"DisplayName":"TestExamIS.Tests.ControllersTests.FlightsControllerTests.Edit_InvalidFlightNumber_ShouldReturnView","Messages":[],"ComputerName":"sorsixs-MacBook-Pro-2","Duration":"00:00:00.1919451","StartTime":"2025-05-08T17:17:14.769987+00:00","EndTime":"2025-05-08T17:17:14.769987+00:00","Properties":[]},{"TestCase":{"Id":"cec95903-0086-a121-1145-2cfad3a31c94","FullyQualifiedName":"TestExamIS.Tests.ControllersTests.FlightsControllerTests.Index_ShouldReturnAllFlights","DisplayName":"TestExamIS.Tests.ControllersTests.FlightsControllerTests.Index_ShouldReturnAllFlights","ExecutorUri":"executor://xunit/VsTestRunner2/netcoreapp","Source":"/Users/david.arsov/Downloads/FlightsApplication/TestExamIS.Tests/bin/Debug/net8.0/TestExamIS.Tests.dll","CodeFilePath":null,"LineNumber":0,"Properties":[]},"Attachments":[],"Outcome":1,"ErrorMessage":null,"ErrorStackTrace":null,"DisplayName":"TestExamIS.Tests.ControllersTests.FlightsControllerTests.Index_ShouldReturnAllFlights","Messages":[],"ComputerName":"sorsixs-MacBook-Pro-2","Duration":"00:00:00.1648235","StartTime":"2025-05-08T17:17:15.016494+00:00","EndTime":"2025-05-08T17:17:15.016494+00:00","Properties":[]}],"TestRunStatistics":{"ExecutedTests":3,"Stats":{"Passed":3}},"ActiveTests":[{"Id":"933a19ac-9e0c-ce8c-ded1-089db34d61a7","FullyQualifiedName":"TestExamIS.Tests.ControllersTests.FlightsControllerTests.Edit_ValidFlight_ShouldRedirectToIndex","DisplayName":"TestExamIS.Tests.ControllersTests.FlightsControllerTests.Edit_ValidFlight_ShouldRedirectToIndex","ExecutorUri":"executor://xunit/VsTestRunner2/netcoreapp","Source":"/Users/david.arsov/Downloads/FlightsApplication/TestExamIS.Tests/bin/Debug/net8.0/TestExamIS.Tests.dll","CodeFilePath":null,"LineNumber":0,"Properties":[]}]}}
TpTrace Verbose: 0 : 23970, 7, 2025/05/08, 19:17:15.045, 333392642508791, vstest.console.dll, TestRunRequest:SendTestRunStatsChange: Starting.
TpTrace Verbose: 0 : 23970, 7, 2025/05/08, 19:17:15.045, 333392642571583, vstest.console.dll, InProgress is TestExamIS.Tests.ControllersTests.FlightsControllerTests.Edit_ValidFlight_ShouldRedirectToIndex
TpTrace Verbose: 0 : 23970, 7, 2025/05/08, 19:17:15.045, 333392642644625, vstest.console.dll, MulticastDelegateUtilities.SafeInvoke: TestRun.RunStatsChanged: Invoking callbacks was skipped because there are no subscribers.
TpTrace Information: 0 : 23970, 7, 2025/05/08, 19:17:15.045, 333392642655333, vstest.console.dll, TestRunRequest:SendTestRunStatsChange: Completed.
TpTrace Verbose: 0 : 23970, 7, 2025/05/08, 19:17:15.045, 333392642664375, vstest.console.dll, MulticastDelegateUtilities.SafeInvoke: LengthPrefixCommunicationChannel: MessageReceived: Invoking callback 1/1 for Microsoft.VisualStudio.TestPlatform.CommunicationUtilities.TestRequestSender+<>c__DisplayClass34_0., took 7 ms.
TpTrace Verbose: 0 : 23970, 7, 2025/05/08, 19:17:15.045, 333392642676041, vstest.console.dll, TcpClientExtensions.MessageLoopAsync: Polling on remoteEndPoint: 127.0.0.1:59056 localEndPoint: 127.0.0.1:59055 after 437 ms
TpTrace Verbose: 0 : 23970, 4, 2025/05/08, 19:17:15.046, 333392643656375, vstest.console.dll, MulticastDelegateUtilities.SafeInvoke: InternalTestLoggerEvents.SendTestResult: Invoking callback 1/1 for Microsoft.VisualStudio.TestPlatform.CommandLine.Internal.ConsoleLogger., took 1 ms.
TpTrace Verbose: 0 : 23970, 4, 2025/05/08, 19:17:15.046, 333392643741708, vstest.console.dll, MulticastDelegateUtilities.SafeInvoke: InternalTestLoggerEvents.SendTestResult: Invoking callback 1/1 for Microsoft.VisualStudio.TestPlatform.CommandLine.Internal.ConsoleLogger., took 0 ms.
TpTrace Verbose: 0 : 23970, 4, 2025/05/08, 19:17:15.046, 333392643752333, vstest.console.dll, MulticastDelegateUtilities.SafeInvoke: InternalTestLoggerEvents.SendTestResult: Invoking callback 1/1 for Microsoft.VisualStudio.TestPlatform.CommandLine.Internal.ConsoleLogger., took 0 ms.
TpTrace Verbose: 0 : 23970, 12, 2025/05/08, 19:17:15.059, 333392656559916, vstest.console.dll, TestHostManagerCallbacks.StandardOutputReceivedCallback Test host standard output line: info: Microsoft.EntityFrameworkCore.Update[30100]
TpTrace Verbose: 0 : 23970, 12, 2025/05/08, 19:17:15.059, 333392656611125, vstest.console.dll, MulticastDelegateUtilities.SafeInvoke: TestRunMessageLoggerProxy.SendMessage: Invoking callback 1/1 for Microsoft.VisualStudio.TestPlatform.Common.Logging.InternalTestLoggerEvents., took 0 ms.
TpTrace Verbose: 0 : 23970, 4, 2025/05/08, 19:17:15.059, 333392656617250, vstest.console.dll, MulticastDelegateUtilities.SafeInvoke: InternalTestLoggerEvents.SendMessage: Invoking callback 1/1 for Microsoft.VisualStudio.TestPlatform.CommandLine.Internal.ConsoleLogger., took 0 ms.
TpTrace Verbose: 0 : 23970, 12, 2025/05/08, 19:17:15.059, 333392656622000, vstest.console.dll, TestHostManagerCallbacks.StandardOutputReceivedCallback Test host standard output line:       Saved 0 entities to in-memory store.
TpTrace Verbose: 0 : 23970, 12, 2025/05/08, 19:17:15.059, 333392656639250, vstest.console.dll, MulticastDelegateUtilities.SafeInvoke: TestRunMessageLoggerProxy.SendMessage: Invoking callback 1/1 for Microsoft.VisualStudio.TestPlatform.Common.Logging.InternalTestLoggerEvents., took 0 ms.
TpTrace Verbose: 0 : 23970, 4, 2025/05/08, 19:17:15.059, 333392656653166, vstest.console.dll, MulticastDelegateUtilities.SafeInvoke: InternalTestLoggerEvents.SendMessage: Invoking callback 1/1 for Microsoft.VisualStudio.TestPlatform.CommandLine.Internal.ConsoleLogger., took 0 ms.
TpTrace Verbose: 0 : 23970, 12, 2025/05/08, 19:17:15.099, 333392696574083, vstest.console.dll, TestHostManagerCallbacks.StandardOutputReceivedCallback Test host standard output line: info: Microsoft.EntityFrameworkCore.Update[30100]
TpTrace Verbose: 0 : 23970, 12, 2025/05/08, 19:17:15.099, 333392696601625, vstest.console.dll, MulticastDelegateUtilities.SafeInvoke: TestRunMessageLoggerProxy.SendMessage: Invoking callback 1/1 for Microsoft.VisualStudio.TestPlatform.Common.Logging.InternalTestLoggerEvents., took 0 ms.
TpTrace Verbose: 0 : 23970, 12, 2025/05/08, 19:17:15.099, 333392696610291, vstest.console.dll, TestHostManagerCallbacks.StandardOutputReceivedCallback Test host standard output line:       Saved 641 entities to in-memory store.
TpTrace Verbose: 0 : 23970, 4, 2025/05/08, 19:17:15.099, 333392696611833, vstest.console.dll, MulticastDelegateUtilities.SafeInvoke: InternalTestLoggerEvents.SendMessage: Invoking callback 1/1 for Microsoft.VisualStudio.TestPlatform.CommandLine.Internal.ConsoleLogger., took 0 ms.
TpTrace Verbose: 0 : 23970, 12, 2025/05/08, 19:17:15.099, 333392696617208, vstest.console.dll, MulticastDelegateUtilities.SafeInvoke: TestRunMessageLoggerProxy.SendMessage: Invoking callback 1/1 for Microsoft.VisualStudio.TestPlatform.Common.Logging.InternalTestLoggerEvents., took 0 ms.
TpTrace Verbose: 0 : 23970, 4, 2025/05/08, 19:17:15.099, 333392696626875, vstest.console.dll, MulticastDelegateUtilities.SafeInvoke: InternalTestLoggerEvents.SendMessage: Invoking callback 1/1 for Microsoft.VisualStudio.TestPlatform.CommandLine.Internal.ConsoleLogger., took 0 ms.
TpTrace Verbose: 0 : 23970, 12, 2025/05/08, 19:17:15.115, 333392712969041, vstest.console.dll, TestHostManagerCallbacks.StandardOutputReceivedCallback Test host standard output line: info: Microsoft.EntityFrameworkCore.Update[30100]
TpTrace Verbose: 0 : 23970, 12, 2025/05/08, 19:17:15.115, 333392713017708, vstest.console.dll, MulticastDelegateUtilities.SafeInvoke: TestRunMessageLoggerProxy.SendMessage: Invoking callback 1/1 for Microsoft.VisualStudio.TestPlatform.Common.Logging.InternalTestLoggerEvents., took 0 ms.
TpTrace Verbose: 0 : 23970, 4, 2025/05/08, 19:17:15.115, 333392713024291, vstest.console.dll, MulticastDelegateUtilities.SafeInvoke: InternalTestLoggerEvents.SendMessage: Invoking callback 1/1 for Microsoft.VisualStudio.TestPlatform.CommandLine.Internal.ConsoleLogger., took 0 ms.
TpTrace Verbose: 0 : 23970, 12, 2025/05/08, 19:17:15.115, 333392713033125, vstest.console.dll, TestHostManagerCallbacks.StandardOutputReceivedCallback Test host standard output line:       Saved 0 entities to in-memory store.
TpTrace Verbose: 0 : 23970, 12, 2025/05/08, 19:17:15.115, 333392713073791, vstest.console.dll, MulticastDelegateUtilities.SafeInvoke: TestRunMessageLoggerProxy.SendMessage: Invoking callback 1/1 for Microsoft.VisualStudio.TestPlatform.Common.Logging.InternalTestLoggerEvents., took 0 ms.
TpTrace Verbose: 0 : 23970, 4, 2025/05/08, 19:17:15.115, 333392713080208, vstest.console.dll, MulticastDelegateUtilities.SafeInvoke: InternalTestLoggerEvents.SendMessage: Invoking callback 1/1 for Microsoft.VisualStudio.TestPlatform.CommandLine.Internal.ConsoleLogger., took 0 ms.
TpTrace Verbose: 0 : 23970, 12, 2025/05/08, 19:17:15.154, 333392752105625, vstest.console.dll, TestHostManagerCallbacks.StandardOutputReceivedCallback Test host standard output line: info: Microsoft.EntityFrameworkCore.Update[30100]
TpTrace Verbose: 0 : 23970, 12, 2025/05/08, 19:17:15.154, 333392752128083, vstest.console.dll, MulticastDelegateUtilities.SafeInvoke: TestRunMessageLoggerProxy.SendMessage: Invoking callback 1/1 for Microsoft.VisualStudio.TestPlatform.Common.Logging.InternalTestLoggerEvents., took 0 ms.
TpTrace Verbose: 0 : 23970, 4, 2025/05/08, 19:17:15.154, 333392752138083, vstest.console.dll, MulticastDelegateUtilities.SafeInvoke: InternalTestLoggerEvents.SendMessage: Invoking callback 1/1 for Microsoft.VisualStudio.TestPlatform.CommandLine.Internal.ConsoleLogger., took 0 ms.
TpTrace Verbose: 0 : 23970, 12, 2025/05/08, 19:17:15.154, 333392752139416, vstest.console.dll, TestHostManagerCallbacks.StandardOutputReceivedCallback Test host standard output line:       Saved 641 entities to in-memory store.
TpTrace Verbose: 0 : 23970, 12, 2025/05/08, 19:17:15.154, 333392752157666, vstest.console.dll, MulticastDelegateUtilities.SafeInvoke: TestRunMessageLoggerProxy.SendMessage: Invoking callback 1/1 for Microsoft.VisualStudio.TestPlatform.Common.Logging.InternalTestLoggerEvents., took 0 ms.
TpTrace Verbose: 0 : 23970, 4, 2025/05/08, 19:17:15.154, 333392752167250, vstest.console.dll, MulticastDelegateUtilities.SafeInvoke: InternalTestLoggerEvents.SendMessage: Invoking callback 1/1 for Microsoft.VisualStudio.TestPlatform.CommandLine.Internal.ConsoleLogger., took 0 ms.
TpTrace Verbose: 0 : 23970, 12, 2025/05/08, 19:17:15.162, 333392759404666, vstest.console.dll, TestHostManagerCallbacks.StandardOutputReceivedCallback Test host standard output line: warn: Microsoft.AspNetCore.HttpsPolicy.HttpsRedirectionMiddleware[3]
TpTrace Verbose: 0 : 23970, 12, 2025/05/08, 19:17:15.162, 333392759435875, vstest.console.dll, MulticastDelegateUtilities.SafeInvoke: TestRunMessageLoggerProxy.SendMessage: Invoking callback 1/1 for Microsoft.VisualStudio.TestPlatform.Common.Logging.InternalTestLoggerEvents., took 0 ms.
TpTrace Verbose: 0 : 23970, 12, 2025/05/08, 19:17:15.162, 333392759443000, vstest.console.dll, TestHostManagerCallbacks.StandardOutputReceivedCallback Test host standard output line:       Failed to determine the https port for redirect.
TpTrace Verbose: 0 : 23970, 4, 2025/05/08, 19:17:15.162, 333392759447250, vstest.console.dll, MulticastDelegateUtilities.SafeInvoke: InternalTestLoggerEvents.SendMessage: Invoking callback 1/1 for Microsoft.VisualStudio.TestPlatform.CommandLine.Internal.ConsoleLogger., took 0 ms.
TpTrace Verbose: 0 : 23970, 4, 2025/05/08, 19:17:15.162, 333392759472375, vstest.console.dll, MulticastDelegateUtilities.SafeInvoke: InternalTestLoggerEvents.SendMessage: Invoking callback 1/1 for Microsoft.VisualStudio.TestPlatform.CommandLine.Internal.ConsoleLogger., took 0 ms.
TpTrace Verbose: 0 : 23970, 12, 2025/05/08, 19:17:15.162, 333392759450833, vstest.console.dll, MulticastDelegateUtilities.SafeInvoke: TestRunMessageLoggerProxy.SendMessage: Invoking callback 1/1 for Microsoft.VisualStudio.TestPlatform.Common.Logging.InternalTestLoggerEvents., took 0 ms.
TpTrace Verbose: 0 : 23970, 12, 2025/05/08, 19:17:15.214, 333392811821625, vstest.console.dll, TestHostManagerCallbacks.StandardOutputReceivedCallback Test host standard output line: info: Microsoft.EntityFrameworkCore.Update[30100]
TpTrace Verbose: 0 : 23970, 12, 2025/05/08, 19:17:15.214, 333392811861833, vstest.console.dll, MulticastDelegateUtilities.SafeInvoke: TestRunMessageLoggerProxy.SendMessage: Invoking callback 1/1 for Microsoft.VisualStudio.TestPlatform.Common.Logging.InternalTestLoggerEvents., took 0 ms.
TpTrace Verbose: 0 : 23970, 12, 2025/05/08, 19:17:15.214, 333392811870166, vstest.console.dll, TestHostManagerCallbacks.StandardOutputReceivedCallback Test host standard output line:       Saved 1 entities to in-memory store.
TpTrace Verbose: 0 : 23970, 4, 2025/05/08, 19:17:15.214, 333392811871083, vstest.console.dll, MulticastDelegateUtilities.SafeInvoke: InternalTestLoggerEvents.SendMessage: Invoking callback 1/1 for Microsoft.VisualStudio.TestPlatform.CommandLine.Internal.ConsoleLogger., took 0 ms.
TpTrace Verbose: 0 : 23970, 12, 2025/05/08, 19:17:15.214, 333392811882041, vstest.console.dll, MulticastDelegateUtilities.SafeInvoke: TestRunMessageLoggerProxy.SendMessage: Invoking callback 1/1 for Microsoft.VisualStudio.TestPlatform.Common.Logging.InternalTestLoggerEvents., took 0 ms.
TpTrace Verbose: 0 : 23970, 4, 2025/05/08, 19:17:15.214, 333392811888083, vstest.console.dll, MulticastDelegateUtilities.SafeInvoke: InternalTestLoggerEvents.SendMessage: Invoking callback 1/1 for Microsoft.VisualStudio.TestPlatform.CommandLine.Internal.ConsoleLogger., took 0 ms.
TpTrace Verbose: 0 : 23970, 12, 2025/05/08, 19:17:15.215, 333392812715666, vstest.console.dll, TestHostManagerCallbacks.StandardOutputReceivedCallback Test host standard output line: info: Microsoft.EntityFrameworkCore.Update[30100]
TpTrace Verbose: 0 : 23970, 12, 2025/05/08, 19:17:15.215, 333392812739375, vstest.console.dll, MulticastDelegateUtilities.SafeInvoke: TestRunMessageLoggerProxy.SendMessage: Invoking callback 1/1 for Microsoft.VisualStudio.TestPlatform.Common.Logging.InternalTestLoggerEvents., took 0 ms.
TpTrace Verbose: 0 : 23970, 4, 2025/05/08, 19:17:15.215, 333392812745875, vstest.console.dll, MulticastDelegateUtilities.SafeInvoke: InternalTestLoggerEvents.SendMessage: Invoking callback 1/1 for Microsoft.VisualStudio.TestPlatform.CommandLine.Internal.ConsoleLogger., took 0 ms.
TpTrace Verbose: 0 : 23970, 12, 2025/05/08, 19:17:15.215, 333392812748041, vstest.console.dll, TestHostManagerCallbacks.StandardOutputReceivedCallback Test host standard output line:       Saved 0 entities to in-memory store.
TpTrace Verbose: 0 : 23970, 12, 2025/05/08, 19:17:15.215, 333392812766708, vstest.console.dll, MulticastDelegateUtilities.SafeInvoke: TestRunMessageLoggerProxy.SendMessage: Invoking callback 1/1 for Microsoft.VisualStudio.TestPlatform.Common.Logging.InternalTestLoggerEvents., took 0 ms.
TpTrace Verbose: 0 : 23970, 4, 2025/05/08, 19:17:15.215, 333392812769291, vstest.console.dll, MulticastDelegateUtilities.SafeInvoke: InternalTestLoggerEvents.SendMessage: Invoking callback 1/1 for Microsoft.VisualStudio.TestPlatform.CommandLine.Internal.ConsoleLogger., took 0 ms.
TpTrace Verbose: 0 : 23970, 12, 2025/05/08, 19:17:15.252, 333392850047875, vstest.console.dll, TestHostManagerCallbacks.StandardOutputReceivedCallback Test host standard output line: info: Microsoft.EntityFrameworkCore.Update[30100]
TpTrace Verbose: 0 : 23970, 12, 2025/05/08, 19:17:15.252, 333392850062250, vstest.console.dll, MulticastDelegateUtilities.SafeInvoke: TestRunMessageLoggerProxy.SendMessage: Invoking callback 1/1 for Microsoft.VisualStudio.TestPlatform.Common.Logging.InternalTestLoggerEvents., took 0 ms.
TpTrace Verbose: 0 : 23970, 12, 2025/05/08, 19:17:15.252, 333392850068250, vstest.console.dll, TestHostManagerCallbacks.StandardOutputReceivedCallback Test host standard output line:       Saved 641 entities to in-memory store.
TpTrace Verbose: 0 : 23970, 4, 2025/05/08, 19:17:15.252, 333392850071291, vstest.console.dll, MulticastDelegateUtilities.SafeInvoke: InternalTestLoggerEvents.SendMessage: Invoking callback 1/1 for Microsoft.VisualStudio.TestPlatform.CommandLine.Internal.ConsoleLogger., took 0 ms.
TpTrace Verbose: 0 : 23970, 4, 2025/05/08, 19:17:15.252, 333392850089666, vstest.console.dll, MulticastDelegateUtilities.SafeInvoke: InternalTestLoggerEvents.SendMessage: Invoking callback 1/1 for Microsoft.VisualStudio.TestPlatform.CommandLine.Internal.ConsoleLogger., took 0 ms.
TpTrace Verbose: 0 : 23970, 12, 2025/05/08, 19:17:15.252, 333392850074375, vstest.console.dll, MulticastDelegateUtilities.SafeInvoke: TestRunMessageLoggerProxy.SendMessage: Invoking callback 1/1 for Microsoft.VisualStudio.TestPlatform.Common.Logging.InternalTestLoggerEvents., took 0 ms.
TpTrace Verbose: 0 : 23970, 12, 2025/05/08, 19:17:15.296, 333392893670791, vstest.console.dll, TestHostManagerCallbacks.StandardOutputReceivedCallback Test host standard output line: info: Microsoft.EntityFrameworkCore.Update[30100]
TpTrace Verbose: 0 : 23970, 12, 2025/05/08, 19:17:15.296, 333392893702750, vstest.console.dll, MulticastDelegateUtilities.SafeInvoke: TestRunMessageLoggerProxy.SendMessage: Invoking callback 1/1 for Microsoft.VisualStudio.TestPlatform.Common.Logging.InternalTestLoggerEvents., took 0 ms.
TpTrace Verbose: 0 : 23970, 12, 2025/05/08, 19:17:15.296, 333392893717125, vstest.console.dll, TestHostManagerCallbacks.StandardOutputReceivedCallback Test host standard output line:       Saved 0 entities to in-memory store.
TpTrace Verbose: 0 : 23970, 4, 2025/05/08, 19:17:15.296, 333392893716666, vstest.console.dll, MulticastDelegateUtilities.SafeInvoke: InternalTestLoggerEvents.SendMessage: Invoking callback 1/1 for Microsoft.VisualStudio.TestPlatform.CommandLine.Internal.ConsoleLogger., took 0 ms.
TpTrace Verbose: 0 : 23970, 12, 2025/05/08, 19:17:15.296, 333392893723000, vstest.console.dll, MulticastDelegateUtilities.SafeInvoke: TestRunMessageLoggerProxy.SendMessage: Invoking callback 1/1 for Microsoft.VisualStudio.TestPlatform.Common.Logging.InternalTestLoggerEvents., took 0 ms.
TpTrace Verbose: 0 : 23970, 4, 2025/05/08, 19:17:15.296, 333392893732333, vstest.console.dll, MulticastDelegateUtilities.SafeInvoke: InternalTestLoggerEvents.SendMessage: Invoking callback 1/1 for Microsoft.VisualStudio.TestPlatform.CommandLine.Internal.ConsoleLogger., took 0 ms.
TpTrace Verbose: 0 : 23970, 12, 2025/05/08, 19:17:15.340, 333392937311833, vstest.console.dll, TestHostManagerCallbacks.StandardOutputReceivedCallback Test host standard output line: info: Microsoft.EntityFrameworkCore.Update[30100]
TpTrace Verbose: 0 : 23970, 12, 2025/05/08, 19:17:15.340, 333392937351583, vstest.console.dll, MulticastDelegateUtilities.SafeInvoke: TestRunMessageLoggerProxy.SendMessage: Invoking callback 1/1 for Microsoft.VisualStudio.TestPlatform.Common.Logging.InternalTestLoggerEvents., took 0 ms.
TpTrace Verbose: 0 : 23970, 4, 2025/05/08, 19:17:15.340, 333392937357583, vstest.console.dll, MulticastDelegateUtilities.SafeInvoke: InternalTestLoggerEvents.SendMessage: Invoking callback 1/1 for Microsoft.VisualStudio.TestPlatform.CommandLine.Internal.ConsoleLogger., took 0 ms.
TpTrace Verbose: 0 : 23970, 12, 2025/05/08, 19:17:15.340, 333392937364208, vstest.console.dll, TestHostManagerCallbacks.StandardOutputReceivedCallback Test host standard output line:       Saved 641 entities to in-memory store.
TpTrace Verbose: 0 : 23970, 12, 2025/05/08, 19:17:15.340, 333392937379750, vstest.console.dll, MulticastDelegateUtilities.SafeInvoke: TestRunMessageLoggerProxy.SendMessage: Invoking callback 1/1 for Microsoft.VisualStudio.TestPlatform.Common.Logging.InternalTestLoggerEvents., took 0 ms.
TpTrace Verbose: 0 : 23970, 4, 2025/05/08, 19:17:15.340, 333392937388250, vstest.console.dll, MulticastDelegateUtilities.SafeInvoke: InternalTestLoggerEvents.SendMessage: Invoking callback 1/1 for Microsoft.VisualStudio.TestPlatform.CommandLine.Internal.ConsoleLogger., took 0 ms.
TpTrace Verbose: 0 : 23970, 12, 2025/05/08, 19:17:15.371, 333392968651708, vstest.console.dll, TestHostManagerCallbacks.StandardOutputReceivedCallback Test host standard output line: info: Microsoft.EntityFrameworkCore.Update[30100]
TpTrace Verbose: 0 : 23970, 4, 2025/05/08, 19:17:15.371, 333392968701000, vstest.console.dll, MulticastDelegateUtilities.SafeInvoke: InternalTestLoggerEvents.SendMessage: Invoking callback 1/1 for Microsoft.VisualStudio.TestPlatform.CommandLine.Internal.ConsoleLogger., took 0 ms.
TpTrace Verbose: 0 : 23970, 12, 2025/05/08, 19:17:15.371, 333392968694416, vstest.console.dll, MulticastDelegateUtilities.SafeInvoke: TestRunMessageLoggerProxy.SendMessage: Invoking callback 1/1 for Microsoft.VisualStudio.TestPlatform.Common.Logging.InternalTestLoggerEvents., took 0 ms.
TpTrace Verbose: 0 : 23970, 12, 2025/05/08, 19:17:15.371, 333392968721416, vstest.console.dll, TestHostManagerCallbacks.StandardOutputReceivedCallback Test host standard output line:       Saved 0 entities to in-memory store.
TpTrace Verbose: 0 : 23970, 12, 2025/05/08, 19:17:15.371, 333392968731541, vstest.console.dll, MulticastDelegateUtilities.SafeInvoke: TestRunMessageLoggerProxy.SendMessage: Invoking callback 1/1 for Microsoft.VisualStudio.TestPlatform.Common.Logging.InternalTestLoggerEvents., took 0 ms.
TpTrace Verbose: 0 : 23970, 4, 2025/05/08, 19:17:15.371, 333392968738666, vstest.console.dll, MulticastDelegateUtilities.SafeInvoke: InternalTestLoggerEvents.SendMessage: Invoking callback 1/1 for Microsoft.VisualStudio.TestPlatform.CommandLine.Internal.ConsoleLogger., took 0 ms.
TpTrace Verbose: 0 : 23970, 12, 2025/05/08, 19:17:15.412, 333393010025375, vstest.console.dll, TestHostManagerCallbacks.StandardOutputReceivedCallback Test host standard output line: info: Microsoft.EntityFrameworkCore.Update[30100]
TpTrace Verbose: 0 : 23970, 12, 2025/05/08, 19:17:15.412, 333393010067375, vstest.console.dll, MulticastDelegateUtilities.SafeInvoke: TestRunMessageLoggerProxy.SendMessage: Invoking callback 1/1 for Microsoft.VisualStudio.TestPlatform.Common.Logging.InternalTestLoggerEvents., took 0 ms.
TpTrace Verbose: 0 : 23970, 4, 2025/05/08, 19:17:15.412, 333393010073791, vstest.console.dll, MulticastDelegateUtilities.SafeInvoke: InternalTestLoggerEvents.SendMessage: Invoking callback 1/1 for Microsoft.VisualStudio.TestPlatform.CommandLine.Internal.ConsoleLogger., took 0 ms.
TpTrace Verbose: 0 : 23970, 12, 2025/05/08, 19:17:15.412, 333393010077541, vstest.console.dll, TestHostManagerCallbacks.StandardOutputReceivedCallback Test host standard output line:       Saved 641 entities to in-memory store.
TpTrace Verbose: 0 : 23970, 12, 2025/05/08, 19:17:15.412, 333393010095125, vstest.console.dll, MulticastDelegateUtilities.SafeInvoke: TestRunMessageLoggerProxy.SendMessage: Invoking callback 1/1 for Microsoft.VisualStudio.TestPlatform.Common.Logging.InternalTestLoggerEvents., took 0 ms.
TpTrace Verbose: 0 : 23970, 4, 2025/05/08, 19:17:15.412, 333393010101333, vstest.console.dll, MulticastDelegateUtilities.SafeInvoke: InternalTestLoggerEvents.SendMessage: Invoking callback 1/1 for Microsoft.VisualStudio.TestPlatform.CommandLine.Internal.ConsoleLogger., took 0 ms.
TpTrace Verbose: 0 : 23970, 12, 2025/05/08, 19:17:15.414, 333393011644208, vstest.console.dll, TestHostManagerCallbacks.StandardOutputReceivedCallback Test host standard output line: warn: Microsoft.AspNetCore.HttpsPolicy.HttpsRedirectionMiddleware[3]
TpTrace Verbose: 0 : 23970, 12, 2025/05/08, 19:17:15.414, 333393011657041, vstest.console.dll, MulticastDelegateUtilities.SafeInvoke: TestRunMessageLoggerProxy.SendMessage: Invoking callback 1/1 for Microsoft.VisualStudio.TestPlatform.Common.Logging.InternalTestLoggerEvents., took 0 ms.
TpTrace Verbose: 0 : 23970, 12, 2025/05/08, 19:17:15.414, 333393011662250, vstest.console.dll, TestHostManagerCallbacks.StandardOutputReceivedCallback Test host standard output line:       Failed to determine the https port for redirect.
TpTrace Verbose: 0 : 23970, 12, 2025/05/08, 19:17:15.414, 333393011667333, vstest.console.dll, MulticastDelegateUtilities.SafeInvoke: TestRunMessageLoggerProxy.SendMessage: Invoking callback 1/1 for Microsoft.VisualStudio.TestPlatform.Common.Logging.InternalTestLoggerEvents., took 0 ms.
TpTrace Verbose: 0 : 23970, 4, 2025/05/08, 19:17:15.414, 333393011667458, vstest.console.dll, MulticastDelegateUtilities.SafeInvoke: InternalTestLoggerEvents.SendMessage: Invoking callback 1/1 for Microsoft.VisualStudio.TestPlatform.CommandLine.Internal.ConsoleLogger., took 0 ms.
TpTrace Verbose: 0 : 23970, 4, 2025/05/08, 19:17:15.414, 333393011687041, vstest.console.dll, MulticastDelegateUtilities.SafeInvoke: InternalTestLoggerEvents.SendMessage: Invoking callback 1/1 for Microsoft.VisualStudio.TestPlatform.CommandLine.Internal.ConsoleLogger., took 0 ms.
TpTrace Verbose: 0 : 23970, 11, 2025/05/08, 19:17:15.417, 333393014937166, vstest.console.dll, TestHostManagerCallbacks.StandardOutputReceivedCallback Test host standard output line: info: Microsoft.EntityFrameworkCore.Update[30100]
TpTrace Verbose: 0 : 23970, 11, 2025/05/08, 19:17:15.417, 333393014967041, vstest.console.dll, MulticastDelegateUtilities.SafeInvoke: TestRunMessageLoggerProxy.SendMessage: Invoking callback 1/1 for Microsoft.VisualStudio.TestPlatform.Common.Logging.InternalTestLoggerEvents., took 0 ms.
TpTrace Verbose: 0 : 23970, 4, 2025/05/08, 19:17:15.417, 333393014971791, vstest.console.dll, MulticastDelegateUtilities.SafeInvoke: InternalTestLoggerEvents.SendMessage: Invoking callback 1/1 for Microsoft.VisualStudio.TestPlatform.CommandLine.Internal.ConsoleLogger., took 0 ms.
TpTrace Verbose: 0 : 23970, 11, 2025/05/08, 19:17:15.417, 333393014980458, vstest.console.dll, TestHostManagerCallbacks.StandardOutputReceivedCallback Test host standard output line:       Saved 0 entities to in-memory store.
TpTrace Verbose: 0 : 23970, 11, 2025/05/08, 19:17:15.417, 333393014996000, vstest.console.dll, MulticastDelegateUtilities.SafeInvoke: TestRunMessageLoggerProxy.SendMessage: Invoking callback 1/1 for Microsoft.VisualStudio.TestPlatform.Common.Logging.InternalTestLoggerEvents., took 0 ms.
TpTrace Verbose: 0 : 23970, 4, 2025/05/08, 19:17:15.417, 333393015004250, vstest.console.dll, MulticastDelegateUtilities.SafeInvoke: InternalTestLoggerEvents.SendMessage: Invoking callback 1/1 for Microsoft.VisualStudio.TestPlatform.CommandLine.Internal.ConsoleLogger., took 0 ms.
TpTrace Verbose: 0 : 23970, 11, 2025/05/08, 19:17:15.456, 333393053504041, vstest.console.dll, TestHostManagerCallbacks.StandardOutputReceivedCallback Test host standard output line: info: Microsoft.EntityFrameworkCore.Update[30100]
TpTrace Verbose: 0 : 23970, 11, 2025/05/08, 19:17:15.456, 333393053539000, vstest.console.dll, MulticastDelegateUtilities.SafeInvoke: TestRunMessageLoggerProxy.SendMessage: Invoking callback 1/1 for Microsoft.VisualStudio.TestPlatform.Common.Logging.InternalTestLoggerEvents., took 0 ms.
TpTrace Verbose: 0 : 23970, 4, 2025/05/08, 19:17:15.456, 333393053550791, vstest.console.dll, MulticastDelegateUtilities.SafeInvoke: InternalTestLoggerEvents.SendMessage: Invoking callback 1/1 for Microsoft.VisualStudio.TestPlatform.CommandLine.Internal.ConsoleLogger., took 0 ms.
TpTrace Verbose: 0 : 23970, 11, 2025/05/08, 19:17:15.456, 333393053552125, vstest.console.dll, TestHostManagerCallbacks.StandardOutputReceivedCallback Test host standard output line:       Saved 641 entities to in-memory store.
TpTrace Verbose: 0 : 23970, 11, 2025/05/08, 19:17:15.456, 333393053586125, vstest.console.dll, MulticastDelegateUtilities.SafeInvoke: TestRunMessageLoggerProxy.SendMessage: Invoking callback 1/1 for Microsoft.VisualStudio.TestPlatform.Common.Logging.InternalTestLoggerEvents., took 0 ms.
TpTrace Verbose: 0 : 23970, 4, 2025/05/08, 19:17:15.456, 333393053593416, vstest.console.dll, MulticastDelegateUtilities.SafeInvoke: InternalTestLoggerEvents.SendMessage: Invoking callback 1/1 for Microsoft.VisualStudio.TestPlatform.CommandLine.Internal.ConsoleLogger., took 0 ms.
TpTrace Verbose: 0 : 23970, 11, 2025/05/08, 19:17:15.503, 333393100772416, vstest.console.dll, TestHostManagerCallbacks.StandardOutputReceivedCallback Test host standard output line: info: Microsoft.EntityFrameworkCore.Update[30100]
TpTrace Verbose: 0 : 23970, 11, 2025/05/08, 19:17:15.503, 333393100810250, vstest.console.dll, MulticastDelegateUtilities.SafeInvoke: TestRunMessageLoggerProxy.SendMessage: Invoking callback 1/1 for Microsoft.VisualStudio.TestPlatform.Common.Logging.InternalTestLoggerEvents., took 0 ms.
TpTrace Verbose: 0 : 23970, 11, 2025/05/08, 19:17:15.503, 333393100819333, vstest.console.dll, TestHostManagerCallbacks.StandardOutputReceivedCallback Test host standard output line:       Saved 0 entities to in-memory store.
TpTrace Verbose: 0 : 23970, 4, 2025/05/08, 19:17:15.503, 333393100819166, vstest.console.dll, MulticastDelegateUtilities.SafeInvoke: InternalTestLoggerEvents.SendMessage: Invoking callback 1/1 for Microsoft.VisualStudio.TestPlatform.CommandLine.Internal.ConsoleLogger., took 0 ms.
TpTrace Verbose: 0 : 23970, 4, 2025/05/08, 19:17:15.503, 333393100841250, vstest.console.dll, MulticastDelegateUtilities.SafeInvoke: InternalTestLoggerEvents.SendMessage: Invoking callback 1/1 for Microsoft.VisualStudio.TestPlatform.CommandLine.Internal.ConsoleLogger., took 0 ms.
TpTrace Verbose: 0 : 23970, 11, 2025/05/08, 19:17:15.503, 333393100824875, vstest.console.dll, MulticastDelegateUtilities.SafeInvoke: TestRunMessageLoggerProxy.SendMessage: Invoking callback 1/1 for Microsoft.VisualStudio.TestPlatform.Common.Logging.InternalTestLoggerEvents., took 0 ms.
TpTrace Verbose: 0 : 23970, 11, 2025/05/08, 19:17:15.543, 333393140874208, vstest.console.dll, TestHostManagerCallbacks.StandardOutputReceivedCallback Test host standard output line: info: Microsoft.EntityFrameworkCore.Update[30100]
TpTrace Verbose: 0 : 23970, 11, 2025/05/08, 19:17:15.543, 333393140905625, vstest.console.dll, MulticastDelegateUtilities.SafeInvoke: TestRunMessageLoggerProxy.SendMessage: Invoking callback 1/1 for Microsoft.VisualStudio.TestPlatform.Common.Logging.InternalTestLoggerEvents., took 0 ms.
TpTrace Verbose: 0 : 23970, 11, 2025/05/08, 19:17:15.543, 333393140914583, vstest.console.dll, TestHostManagerCallbacks.StandardOutputReceivedCallback Test host standard output line:       Saved 641 entities to in-memory store.
TpTrace Verbose: 0 : 23970, 4, 2025/05/08, 19:17:15.543, 333393140914916, vstest.console.dll, MulticastDelegateUtilities.SafeInvoke: InternalTestLoggerEvents.SendMessage: Invoking callback 1/1 for Microsoft.VisualStudio.TestPlatform.CommandLine.Internal.ConsoleLogger., took 0 ms.
TpTrace Verbose: 0 : 23970, 11, 2025/05/08, 19:17:15.543, 333393140920333, vstest.console.dll, MulticastDelegateUtilities.SafeInvoke: TestRunMessageLoggerProxy.SendMessage: Invoking callback 1/1 for Microsoft.VisualStudio.TestPlatform.Common.Logging.InternalTestLoggerEvents., took 0 ms.
TpTrace Verbose: 0 : 23970, 4, 2025/05/08, 19:17:15.543, 333393140935083, vstest.console.dll, MulticastDelegateUtilities.SafeInvoke: InternalTestLoggerEvents.SendMessage: Invoking callback 1/1 for Microsoft.VisualStudio.TestPlatform.CommandLine.Internal.ConsoleLogger., took 0 ms.
TpTrace Verbose: 0 : 23970, 11, 2025/05/08, 19:17:15.569, 333393167148958, vstest.console.dll, TestHostManagerCallbacks.StandardOutputReceivedCallback Test host standard output line: info: Microsoft.EntityFrameworkCore.Update[30100]
TpTrace Verbose: 0 : 23970, 11, 2025/05/08, 19:17:15.569, 333393167177666, vstest.console.dll, MulticastDelegateUtilities.SafeInvoke: TestRunMessageLoggerProxy.SendMessage: Invoking callback 1/1 for Microsoft.VisualStudio.TestPlatform.Common.Logging.InternalTestLoggerEvents., took 0 ms.
TpTrace Verbose: 0 : 23970, 4, 2025/05/08, 19:17:15.569, 333393167185875, vstest.console.dll, MulticastDelegateUtilities.SafeInvoke: InternalTestLoggerEvents.SendMessage: Invoking callback 1/1 for Microsoft.VisualStudio.TestPlatform.CommandLine.Internal.ConsoleLogger., took 0 ms.
TpTrace Verbose: 0 : 23970, 11, 2025/05/08, 19:17:15.569, 333393167189041, vstest.console.dll, TestHostManagerCallbacks.StandardOutputReceivedCallback Test host standard output line:       Saved 0 entities to in-memory store.
TpTrace Verbose: 0 : 23970, 11, 2025/05/08, 19:17:15.569, 333393167216666, vstest.console.dll, MulticastDelegateUtilities.SafeInvoke: TestRunMessageLoggerProxy.SendMessage: Invoking callback 1/1 for Microsoft.VisualStudio.TestPlatform.Common.Logging.InternalTestLoggerEvents., took 0 ms.
TpTrace Verbose: 0 : 23970, 4, 2025/05/08, 19:17:15.569, 333393167226958, vstest.console.dll, MulticastDelegateUtilities.SafeInvoke: InternalTestLoggerEvents.SendMessage: Invoking callback 1/1 for Microsoft.VisualStudio.TestPlatform.CommandLine.Internal.ConsoleLogger., took 0 ms.
TpTrace Verbose: 0 : 23970, 11, 2025/05/08, 19:17:15.610, 333393207880500, vstest.console.dll, TestHostManagerCallbacks.StandardOutputReceivedCallback Test host standard output line: info: Microsoft.EntityFrameworkCore.Update[30100]
TpTrace Verbose: 0 : 23970, 11, 2025/05/08, 19:17:15.610, 333393207916625, vstest.console.dll, MulticastDelegateUtilities.SafeInvoke: TestRunMessageLoggerProxy.SendMessage: Invoking callback 1/1 for Microsoft.VisualStudio.TestPlatform.Common.Logging.InternalTestLoggerEvents., took 0 ms.
TpTrace Verbose: 0 : 23970, 4, 2025/05/08, 19:17:15.610, 333393207923083, vstest.console.dll, MulticastDelegateUtilities.SafeInvoke: InternalTestLoggerEvents.SendMessage: Invoking callback 1/1 for Microsoft.VisualStudio.TestPlatform.CommandLine.Internal.ConsoleLogger., took 0 ms.
TpTrace Verbose: 0 : 23970, 11, 2025/05/08, 19:17:15.610, 333393207926125, vstest.console.dll, TestHostManagerCallbacks.StandardOutputReceivedCallback Test host standard output line:       Saved 641 entities to in-memory store.
TpTrace Verbose: 0 : 23970, 11, 2025/05/08, 19:17:15.610, 333393207940375, vstest.console.dll, MulticastDelegateUtilities.SafeInvoke: TestRunMessageLoggerProxy.SendMessage: Invoking callback 1/1 for Microsoft.VisualStudio.TestPlatform.Common.Logging.InternalTestLoggerEvents., took 0 ms.
TpTrace Verbose: 0 : 23970, 4, 2025/05/08, 19:17:15.610, 333393207946208, vstest.console.dll, MulticastDelegateUtilities.SafeInvoke: InternalTestLoggerEvents.SendMessage: Invoking callback 1/1 for Microsoft.VisualStudio.TestPlatform.CommandLine.Internal.ConsoleLogger., took 0 ms.
TpTrace Verbose: 0 : 23970, 11, 2025/05/08, 19:17:15.612, 333393209780666, vstest.console.dll, TestHostManagerCallbacks.StandardOutputReceivedCallback Test host standard output line: warn: Microsoft.AspNetCore.HttpsPolicy.HttpsRedirectionMiddleware[3]
TpTrace Verbose: 0 : 23970, 11, 2025/05/08, 19:17:15.612, 333393209794041, vstest.console.dll, MulticastDelegateUtilities.SafeInvoke: TestRunMessageLoggerProxy.SendMessage: Invoking callback 1/1 for Microsoft.VisualStudio.TestPlatform.Common.Logging.InternalTestLoggerEvents., took 0 ms.
TpTrace Verbose: 0 : 23970, 11, 2025/05/08, 19:17:15.612, 333393209800583, vstest.console.dll, TestHostManagerCallbacks.StandardOutputReceivedCallback Test host standard output line:       Failed to determine the https port for redirect.
TpTrace Verbose: 0 : 23970, 11, 2025/05/08, 19:17:15.612, 333393209808791, vstest.console.dll, MulticastDelegateUtilities.SafeInvoke: TestRunMessageLoggerProxy.SendMessage: Invoking callback 1/1 for Microsoft.VisualStudio.TestPlatform.Common.Logging.InternalTestLoggerEvents., took 0 ms.
TpTrace Verbose: 0 : 23970, 4, 2025/05/08, 19:17:15.612, 333393209864875, vstest.console.dll, MulticastDelegateUtilities.SafeInvoke: InternalTestLoggerEvents.SendMessage: Invoking callback 1/1 for Microsoft.VisualStudio.TestPlatform.CommandLine.Internal.ConsoleLogger., took 0 ms.
TpTrace Verbose: 0 : 23970, 4, 2025/05/08, 19:17:15.612, 333393209928208, vstest.console.dll, MulticastDelegateUtilities.SafeInvoke: InternalTestLoggerEvents.SendMessage: Invoking callback 1/1 for Microsoft.VisualStudio.TestPlatform.CommandLine.Internal.ConsoleLogger., took 0 ms.
TpTrace Verbose: 0 : 23970, 11, 2025/05/08, 19:17:15.619, 333393216504291, vstest.console.dll, TestHostManagerCallbacks.StandardOutputReceivedCallback Test host standard output line: info: System.Net.Http.HttpClient.Default.LogicalHandler[100]
TpTrace Verbose: 0 : 23970, 11, 2025/05/08, 19:17:15.619, 333393216526541, vstest.console.dll, MulticastDelegateUtilities.SafeInvoke: TestRunMessageLoggerProxy.SendMessage: Invoking callback 1/1 for Microsoft.VisualStudio.TestPlatform.Common.Logging.InternalTestLoggerEvents., took 0 ms.
TpTrace Verbose: 0 : 23970, 11, 2025/05/08, 19:17:15.619, 333393216533125, vstest.console.dll, TestHostManagerCallbacks.StandardOutputReceivedCallback Test host standard output line:       Start processing HTTP request POST http://192.168.1.33:5211/api/Flights/Seats
TpTrace Verbose: 0 : 23970, 4, 2025/05/08, 19:17:15.619, 333393216538250, vstest.console.dll, MulticastDelegateUtilities.SafeInvoke: InternalTestLoggerEvents.SendMessage: Invoking callback 1/1 for Microsoft.VisualStudio.TestPlatform.CommandLine.Internal.ConsoleLogger., took 0 ms.
TpTrace Verbose: 0 : 23970, 11, 2025/05/08, 19:17:15.619, 333393216539125, vstest.console.dll, MulticastDelegateUtilities.SafeInvoke: TestRunMessageLoggerProxy.SendMessage: Invoking callback 1/1 for Microsoft.VisualStudio.TestPlatform.Common.Logging.InternalTestLoggerEvents., took 0 ms.
TpTrace Verbose: 0 : 23970, 4, 2025/05/08, 19:17:15.619, 333393216558666, vstest.console.dll, MulticastDelegateUtilities.SafeInvoke: InternalTestLoggerEvents.SendMessage: Invoking callback 1/1 for Microsoft.VisualStudio.TestPlatform.CommandLine.Internal.ConsoleLogger., took 0 ms.
TpTrace Verbose: 0 : 23970, 5, 2025/05/08, 19:17:15.619, 333393216831000, vstest.console.dll, TestHostManagerCallbacks.StandardOutputReceivedCallback Test host standard output line: info: System.Net.Http.HttpClient.Default.ClientHandler[100]
TpTrace Verbose: 0 : 23970, 5, 2025/05/08, 19:17:15.619, 333393216847916, vstest.console.dll, MulticastDelegateUtilities.SafeInvoke: TestRunMessageLoggerProxy.SendMessage: Invoking callback 1/1 for Microsoft.VisualStudio.TestPlatform.Common.Logging.InternalTestLoggerEvents., took 0 ms.
TpTrace Verbose: 0 : 23970, 4, 2025/05/08, 19:17:15.619, 333393216852583, vstest.console.dll, MulticastDelegateUtilities.SafeInvoke: InternalTestLoggerEvents.SendMessage: Invoking callback 1/1 for Microsoft.VisualStudio.TestPlatform.CommandLine.Internal.ConsoleLogger., took 0 ms.
TpTrace Verbose: 0 : 23970, 5, 2025/05/08, 19:17:15.619, 333393216865750, vstest.console.dll, TestHostManagerCallbacks.StandardOutputReceivedCallback Test host standard output line:       Sending HTTP request POST http://192.168.1.33:5211/api/Flights/Seats
TpTrace Verbose: 0 : 23970, 5, 2025/05/08, 19:17:15.619, 333393216874916, vstest.console.dll, MulticastDelegateUtilities.SafeInvoke: TestRunMessageLoggerProxy.SendMessage: Invoking callback 1/1 for Microsoft.VisualStudio.TestPlatform.Common.Logging.InternalTestLoggerEvents., took 0 ms.
TpTrace Verbose: 0 : 23970, 4, 2025/05/08, 19:17:15.619, 333393216880208, vstest.console.dll, MulticastDelegateUtilities.SafeInvoke: InternalTestLoggerEvents.SendMessage: Invoking callback 1/1 for Microsoft.VisualStudio.TestPlatform.CommandLine.Internal.ConsoleLogger., took 0 ms.
TpTrace Verbose: 0 : 23970, 7, 2025/05/08, 19:17:16.046, 333393643785458, vstest.console.dll, TcpClientExtensions.MessageLoopAsync: Polling on remoteEndPoint: 127.0.0.1:59056 localEndPoint: 127.0.0.1:59055 after 1001 ms
TpTrace Verbose: 0 : 23970, 7, 2025/05/08, 19:17:16.539, 333394136802500, vstest.console.dll, TcpClientExtensions.MessageLoopAsync: NotifyDataAvailable remoteEndPoint: 127.0.0.1:59056 localEndPoint: 127.0.0.1:59055
TpTrace Verbose: 0 : 23970, 7, 2025/05/08, 19:17:16.539, 333394136902791, vstest.console.dll, TestRequestSender.OnExecutionMessageReceived: Received message: {"Version":7,"MessageType":"TestExecution.StatsChange","Payload":{"NewTestResults":[{"TestCase":{"Id":"933a19ac-9e0c-ce8c-ded1-089db34d61a7","FullyQualifiedName":"TestExamIS.Tests.ControllersTests.FlightsControllerTests.Edit_ValidFlight_ShouldRedirectToIndex","DisplayName":"TestExamIS.Tests.ControllersTests.FlightsControllerTests.Edit_ValidFlight_ShouldRedirectToIndex","ExecutorUri":"executor://xunit/VsTestRunner2/netcoreapp","Source":"/Users/david.arsov/Downloads/FlightsApplication/TestExamIS.Tests/bin/Debug/net8.0/TestExamIS.Tests.dll","CodeFilePath":null,"LineNumber":0,"Properties":[]},"Attachments":[],"Outcome":1,"ErrorMessage":null,"ErrorStackTrace":null,"DisplayName":"TestExamIS.Tests.ControllersTests.FlightsControllerTests.Edit_ValidFlight_ShouldRedirectToIndex","Messages":[],"ComputerName":"sorsixs-MacBook-Pro-2","Duration":"00:00:00.1584601","StartTime":"2025-05-08T17:17:15.253874+00:00","EndTime":"2025-05-08T17:17:15.253874+00:00","Properties":[]},{"TestCase":{"Id":"6ec921e3-cec7-ad2a-8dce-2e4b3b3c1ae0","FullyQualifiedName":"TestExamIS.Tests.ControllersTests.FlightsControllerTests.Details_InvalidId_ShouldReturnNotFound","DisplayName":"TestExamIS.Tests.ControllersTests.FlightsControllerTests.Details_InvalidId_ShouldReturnNotFound","ExecutorUri":"executor://xunit/VsTestRunner2/netcoreapp","Source":"/Users/david.arsov/Downloads/FlightsApplication/TestExamIS.Tests/bin/Debug/net8.0/TestExamIS.Tests.dll","CodeFilePath":null,"LineNumber":0,"Properties":[]},"Attachments":[],"Outcome":1,"ErrorMessage":null,"ErrorStackTrace":null,"DisplayName":"TestExamIS.Tests.ControllersTests.FlightsControllerTests.Details_InvalidId_ShouldReturnNotFound","Messages":[],"ComputerName":"sorsixs-MacBook-Pro-2","Duration":"00:00:00.1175382","StartTime":"2025-05-08T17:17:15.457328+00:00","EndTime":"2025-05-08T17:17:15.457328+00:00","Properties":[]}],"TestRunStatistics":{"ExecutedTests":5,"Stats":{"Passed":5}},"ActiveTests":[{"Id":"df7a2a2b-ce22-054e-0b30-297c5f6a83e1","FullyQualifiedName":"TestExamIS.Tests.ControllersTests.FlightsControllerTests.FetchSeatsFromApi_ValidId_ShouldRedirectToIndex","DisplayName":"TestExamIS.Tests.ControllersTests.FlightsControllerTests.FetchSeatsFromApi_ValidId_ShouldRedirectToIndex","ExecutorUri":"executor://xunit/VsTestRunner2/netcoreapp","Source":"/Users/david.arsov/Downloads/FlightsApplication/TestExamIS.Tests/bin/Debug/net8.0/TestExamIS.Tests.dll","CodeFilePath":null,"LineNumber":0,"Properties":[]}]}}
TpTrace Verbose: 0 : 23970, 7, 2025/05/08, 19:17:16.540, 333394137404541, vstest.console.dll, TestRunRequest:SendTestRunStatsChange: Starting.
TpTrace Verbose: 0 : 23970, 7, 2025/05/08, 19:17:16.540, 333394137416166, vstest.console.dll, InProgress is TestExamIS.Tests.ControllersTests.FlightsControllerTests.FetchSeatsFromApi_ValidId_ShouldRedirectToIndex
TpTrace Verbose: 0 : 23970, 7, 2025/05/08, 19:17:16.540, 333394137434541, vstest.console.dll, MulticastDelegateUtilities.SafeInvoke: TestRun.RunStatsChanged: Invoking callbacks was skipped because there are no subscribers.
TpTrace Information: 0 : 23970, 7, 2025/05/08, 19:17:16.540, 333394137443500, vstest.console.dll, TestRunRequest:SendTestRunStatsChange: Completed.
TpTrace Verbose: 0 : 23970, 7, 2025/05/08, 19:17:16.540, 333394137448541, vstest.console.dll, MulticastDelegateUtilities.SafeInvoke: LengthPrefixCommunicationChannel: MessageReceived: Invoking callback 1/1 for Microsoft.VisualStudio.TestPlatform.CommunicationUtilities.TestRequestSender+<>c__DisplayClass34_0., took 0 ms.
TpTrace Verbose: 0 : 23970, 7, 2025/05/08, 19:17:16.540, 333394137454291, vstest.console.dll, TcpClientExtensions.MessageLoopAsync: Polling on remoteEndPoint: 127.0.0.1:59056 localEndPoint: 127.0.0.1:59055 after 493 ms
TpTrace Verbose: 0 : 23970, 4, 2025/05/08, 19:17:16.540, 333394137480000, vstest.console.dll, MulticastDelegateUtilities.SafeInvoke: InternalTestLoggerEvents.SendTestResult: Invoking callback 1/1 for Microsoft.VisualStudio.TestPlatform.CommandLine.Internal.ConsoleLogger., took 0 ms.
TpTrace Verbose: 0 : 23970, 4, 2025/05/08, 19:17:16.540, 333394137500625, vstest.console.dll, MulticastDelegateUtilities.SafeInvoke: InternalTestLoggerEvents.SendTestResult: Invoking callback 1/1 for Microsoft.VisualStudio.TestPlatform.CommandLine.Internal.ConsoleLogger., took 0 ms.
TpTrace Verbose: 0 : 23970, 7, 2025/05/08, 19:17:17.541, 333395138530833, vstest.console.dll, TcpClientExtensions.MessageLoopAsync: Polling on remoteEndPoint: 127.0.0.1:59056 localEndPoint: 127.0.0.1:59055 after 1001 ms
TpTrace Verbose: 0 : 23970, 7, 2025/05/08, 19:17:18.541, 333396138825458, vstest.console.dll, TcpClientExtensions.MessageLoopAsync: Polling on remoteEndPoint: 127.0.0.1:59056 localEndPoint: 127.0.0.1:59055 after 1000 ms
TpTrace Verbose: 0 : 23970, 7, 2025/05/08, 19:17:19.541, 333397139241166, vstest.console.dll, TcpClientExtensions.MessageLoopAsync: Polling on remoteEndPoint: 127.0.0.1:59056 localEndPoint: 127.0.0.1:59055 after 1000 ms
TpTrace Verbose: 0 : 23970, 7, 2025/05/08, 19:17:20.542, 333398140177583, vstest.console.dll, TcpClientExtensions.MessageLoopAsync: Polling on remoteEndPoint: 127.0.0.1:59056 localEndPoint: 127.0.0.1:59055 after 1000 ms
TpTrace Verbose: 0 : 23970, 7, 2025/05/08, 19:17:21.543, 333399140791583, vstest.console.dll, TcpClientExtensions.MessageLoopAsync: Polling on remoteEndPoint: 127.0.0.1:59056 localEndPoint: 127.0.0.1:59055 after 1000 ms
TpTrace Verbose: 0 : 23970, 7, 2025/05/08, 19:17:22.544, 333400141313375, vstest.console.dll, TcpClientExtensions.MessageLoopAsync: Polling on remoteEndPoint: 127.0.0.1:59056 localEndPoint: 127.0.0.1:59055 after 1000 ms
TpTrace Verbose: 0 : 23970, 7, 2025/05/08, 19:17:23.545, 333401142548500, vstest.console.dll, TcpClientExtensions.MessageLoopAsync: Polling on remoteEndPoint: 127.0.0.1:59056 localEndPoint: 127.0.0.1:59055 after 1001 ms
TpTrace Verbose: 0 : 23970, 7, 2025/05/08, 19:17:24.546, 333402143350833, vstest.console.dll, TcpClientExtensions.MessageLoopAsync: Polling on remoteEndPoint: 127.0.0.1:59056 localEndPoint: 127.0.0.1:59055 after 1000 ms
TpTrace Verbose: 0 : 23970, 7, 2025/05/08, 19:17:25.547, 333403144495166, vstest.console.dll, TcpClientExtensions.MessageLoopAsync: Polling on remoteEndPoint: 127.0.0.1:59056 localEndPoint: 127.0.0.1:59055 after 1001 ms
TpTrace Verbose: 0 : 23970, 7, 2025/05/08, 19:17:26.548, 333404145614166, vstest.console.dll, TcpClientExtensions.MessageLoopAsync: Polling on remoteEndPoint: 127.0.0.1:59056 localEndPoint: 127.0.0.1:59055 after 1000 ms
TpTrace Verbose: 0 : 23970, 7, 2025/05/08, 19:17:27.549, 333405146893791, vstest.console.dll, TcpClientExtensions.MessageLoopAsync: Polling on remoteEndPoint: 127.0.0.1:59056 localEndPoint: 127.0.0.1:59055 after 1001 ms
TpTrace Verbose: 0 : 23970, 7, 2025/05/08, 19:17:28.550, 333406147749875, vstest.console.dll, TcpClientExtensions.MessageLoopAsync: Polling on remoteEndPoint: 127.0.0.1:59056 localEndPoint: 127.0.0.1:59055 after 1000 ms
TpTrace Verbose: 0 : 23970, 7, 2025/05/08, 19:17:29.551, 333407149078708, vstest.console.dll, TcpClientExtensions.MessageLoopAsync: Polling on remoteEndPoint: 127.0.0.1:59056 localEndPoint: 127.0.0.1:59055 after 1001 ms
TpTrace Verbose: 0 : 23970, 7, 2025/05/08, 19:17:30.553, 333408150450791, vstest.console.dll, TcpClientExtensions.MessageLoopAsync: Polling on remoteEndPoint: 127.0.0.1:59056 localEndPoint: 127.0.0.1:59055 after 1001 ms
TpTrace Verbose: 0 : 23970, 7, 2025/05/08, 19:17:31.554, 333409151515791, vstest.console.dll, TcpClientExtensions.MessageLoopAsync: Polling on remoteEndPoint: 127.0.0.1:59056 localEndPoint: 127.0.0.1:59055 after 1000 ms
TpTrace Verbose: 0 : 23970, 7, 2025/05/08, 19:17:32.555, 333410152571333, vstest.console.dll, TcpClientExtensions.MessageLoopAsync: Polling on remoteEndPoint: 127.0.0.1:59056 localEndPoint: 127.0.0.1:59055 after 1000 ms
TpTrace Verbose: 0 : 23970, 7, 2025/05/08, 19:17:33.556, 333411153309833, vstest.console.dll, TcpClientExtensions.MessageLoopAsync: Polling on remoteEndPoint: 127.0.0.1:59056 localEndPoint: 127.0.0.1:59055 after 1000 ms
TpTrace Verbose: 0 : 23970, 7, 2025/05/08, 19:17:34.556, 333412153661291, vstest.console.dll, TcpClientExtensions.MessageLoopAsync: Polling on remoteEndPoint: 127.0.0.1:59056 localEndPoint: 127.0.0.1:59055 after 1000 ms
TpTrace Verbose: 0 : 23970, 7, 2025/05/08, 19:17:35.557, 333413155164166, vstest.console.dll, TcpClientExtensions.MessageLoopAsync: Polling on remoteEndPoint: 127.0.0.1:59056 localEndPoint: 127.0.0.1:59055 after 1000 ms
TpTrace Verbose: 0 : 23970, 7, 2025/05/08, 19:17:36.558, 333414156113458, vstest.console.dll, TcpClientExtensions.MessageLoopAsync: Polling on remoteEndPoint: 127.0.0.1:59056 localEndPoint: 127.0.0.1:59055 after 1000 ms
TpTrace Verbose: 0 : 23970, 7, 2025/05/08, 19:17:37.560, 333415157328500, vstest.console.dll, TcpClientExtensions.MessageLoopAsync: Polling on remoteEndPoint: 127.0.0.1:59056 localEndPoint: 127.0.0.1:59055 after 1001 ms
TpTrace Verbose: 0 : 23970, 7, 2025/05/08, 19:17:38.561, 333416158596541, vstest.console.dll, TcpClientExtensions.MessageLoopAsync: Polling on remoteEndPoint: 127.0.0.1:59056 localEndPoint: 127.0.0.1:59055 after 1001 ms
TpTrace Verbose: 0 : 23970, 7, 2025/05/08, 19:17:39.562, 333417159671833, vstest.console.dll, TcpClientExtensions.MessageLoopAsync: Polling on remoteEndPoint: 127.0.0.1:59056 localEndPoint: 127.0.0.1:59055 after 1000 ms
TpTrace Verbose: 0 : 23970, 7, 2025/05/08, 19:17:40.563, 333418160870083, vstest.console.dll, TcpClientExtensions.MessageLoopAsync: Polling on remoteEndPoint: 127.0.0.1:59056 localEndPoint: 127.0.0.1:59055 after 1001 ms
TpTrace Verbose: 0 : 23970, 7, 2025/05/08, 19:17:41.565, 333419162263500, vstest.console.dll, TcpClientExtensions.MessageLoopAsync: Polling on remoteEndPoint: 127.0.0.1:59056 localEndPoint: 127.0.0.1:59055 after 1001 ms
TpTrace Verbose: 0 : 23970, 7, 2025/05/08, 19:17:42.565, 333420162844208, vstest.console.dll, TcpClientExtensions.MessageLoopAsync: Polling on remoteEndPoint: 127.0.0.1:59056 localEndPoint: 127.0.0.1:59055 after 1000 ms
TpTrace Verbose: 0 : 23970, 7, 2025/05/08, 19:17:43.566, 333421164142416, vstest.console.dll, TcpClientExtensions.MessageLoopAsync: Polling on remoteEndPoint: 127.0.0.1:59056 localEndPoint: 127.0.0.1:59055 after 1001 ms
TpTrace Verbose: 0 : 23970, 7, 2025/05/08, 19:17:44.568, 333422165352250, vstest.console.dll, TcpClientExtensions.MessageLoopAsync: Polling on remoteEndPoint: 127.0.0.1:59056 localEndPoint: 127.0.0.1:59055 after 1001 ms
TpTrace Verbose: 0 : 23970, 7, 2025/05/08, 19:17:45.569, 333423166649208, vstest.console.dll, TcpClientExtensions.MessageLoopAsync: Polling on remoteEndPoint: 127.0.0.1:59056 localEndPoint: 127.0.0.1:59055 after 1001 ms
TpTrace Verbose: 0 : 23970, 7, 2025/05/08, 19:17:46.571, 333424168454958, vstest.console.dll, TcpClientExtensions.MessageLoopAsync: Polling on remoteEndPoint: 127.0.0.1:59056 localEndPoint: 127.0.0.1:59055 after 1001 ms
TpTrace Verbose: 0 : 23970, 7, 2025/05/08, 19:17:47.571, 333425168784666, vstest.console.dll, TcpClientExtensions.MessageLoopAsync: Polling on remoteEndPoint: 127.0.0.1:59056 localEndPoint: 127.0.0.1:59055 after 1000 ms
TpTrace Verbose: 0 : 23970, 7, 2025/05/08, 19:17:48.572, 333426169901208, vstest.console.dll, TcpClientExtensions.MessageLoopAsync: Polling on remoteEndPoint: 127.0.0.1:59056 localEndPoint: 127.0.0.1:59055 after 1000 ms
TpTrace Verbose: 0 : 23970, 7, 2025/05/08, 19:17:49.573, 333427170568083, vstest.console.dll, TcpClientExtensions.MessageLoopAsync: Polling on remoteEndPoint: 127.0.0.1:59056 localEndPoint: 127.0.0.1:59055 after 1000 ms
TpTrace Verbose: 0 : 23970, 7, 2025/05/08, 19:17:50.574, 333428171880458, vstest.console.dll, TcpClientExtensions.MessageLoopAsync: Polling on remoteEndPoint: 127.0.0.1:59056 localEndPoint: 127.0.0.1:59055 after 1001 ms
TpTrace Verbose: 0 : 23970, 7, 2025/05/08, 19:17:51.575, 333429173118583, vstest.console.dll, TcpClientExtensions.MessageLoopAsync: Polling on remoteEndPoint: 127.0.0.1:59056 localEndPoint: 127.0.0.1:59055 after 1001 ms
TpTrace Verbose: 0 : 23970, 7, 2025/05/08, 19:17:52.577, 333430174377708, vstest.console.dll, TcpClientExtensions.MessageLoopAsync: Polling on remoteEndPoint: 127.0.0.1:59056 localEndPoint: 127.0.0.1:59055 after 1001 ms
TpTrace Verbose: 0 : 23970, 7, 2025/05/08, 19:17:53.577, 333431174836041, vstest.console.dll, TcpClientExtensions.MessageLoopAsync: Polling on remoteEndPoint: 127.0.0.1:59056 localEndPoint: 127.0.0.1:59055 after 1000 ms
TpTrace Verbose: 0 : 23970, 7, 2025/05/08, 19:17:54.578, 333432176107625, vstest.console.dll, TcpClientExtensions.MessageLoopAsync: Polling on remoteEndPoint: 127.0.0.1:59056 localEndPoint: 127.0.0.1:59055 after 1001 ms
TpTrace Verbose: 0 : 23970, 7, 2025/05/08, 19:17:55.580, 333433177367166, vstest.console.dll, TcpClientExtensions.MessageLoopAsync: Polling on remoteEndPoint: 127.0.0.1:59056 localEndPoint: 127.0.0.1:59055 after 1001 ms
